[INFO] === Build =======================================
[INFO] CPU Model Name: AMD Ryzen 7 9800X3D 8-Core Processor           
[INFO] Capabilities: MMX MMXEXT SSE SSE2 SSE3 SSSE3 SSE4 SSE42 AES AVX AVX2 
[INFO] Version: 1.22.2
[INFO] Built: Dec 25 2025
[INFO] =================================================
[INFO] [Input] Found input driver: "dinput".
[INFO] [Environ] SET_PIXEL_FORMAT: RGB565.
[INFO] [Core] Version of libretro API: 1, Compiled against API: 1
[INFO] [Core] Geometry: 320x240, Aspect: 1.333, FPS: 60.00, Sample rate: 48000.00 Hz.
[INFO] [Video] Set video size to: 960x720.
[INFO] [GL] Found GL context: "wgl".
[INFO] [GL] Detecting screen resolution: 3840x2160.
[INFO] [WGL] Extensions: WGL_ARB_buffer_region WGL_ARB_create_context WGL_ARB_create_context_no_error WGL_ARB_create_context_profile WGL_ARB_create_context_robustness WGL_ARB_context_flush_control WGL_ARB_extensions_string WGL_ARB_make_current_read WGL_ARB_multisample WGL_ARB_pbuffer WGL_ARB_pixel_format WGL_ARB_pixel_format_float WGL_ARB_render_texture WGL_ATI_pixel_format_float WGL_EXT_colorspace WGL_EXT_create_context_es_profile WGL_EXT_create_context_es2_profile WGL_EXT_extensions_string WGL_EXT_framebuffer_sRGB WGL_EXT_pixel_format_packed_float WGL_EXT_swap_control WGL_EXT_swap_control_tear WGL_NVX_DX_interop WGL_NV_DX_interop WGL_NV_DX_interop2 WGL_NV_copy_image WGL_NV_delay_before_swap WGL_NV_float_buffer WGL_NV_multisample_coverage WGL_NV_multigpu_context WGL_NV_render_depth_texture WGL_NV_render_texture_rectangle 
[INFO] [WGL] Adaptive VSync supported.
[INFO] [GL] Vendor: NVIDIA Corporation, Renderer: NVIDIA GeForce RTX 4090/PCIe/SSE2.
[INFO] [GL] Version: 4.6.0 NVIDIA 560.94.
[INFO] [GL] Using resolution 960x720.
[INFO] [GL] Default shader backend found: glsl.
[INFO] [GL] Using GLSL shader backend.
[INFO] [GLSL] Checking GLSL shader support...
[WARN] [GLSL] Stock GLSL shaders will be used.
[INFO] [GLSL] Found GLSL vertex shader.
[INFO] [GLSL] Found GLSL fragment shader.
[INFO] [GLSL] Linking GLSL program.
[INFO] [GLSL] Found GLSL vertex shader.
[INFO] [GLSL] Found GLSL fragment shader.
[INFO] [GLSL] Linking GLSL program.
[INFO] [GLSL] Found GLSL vertex shader.
[INFO] [GLSL] Found GLSL fragment shader.
[INFO] [GLSL] Linking GLSL program.
[INFO] [GL] Using 4 textures.
[INFO] [GL] Loaded 1 program(s).
[INFO] [GL] Using GL_RGB565 for texture uploads.
[INFO] [XInput] Found XInput v1.4.
[INFO] [Input] Found joypad driver: "dinput".
[INFO] [Video] Found display server: "win32".
[INFO] [Audio] Set audio input rate to: 48000.00 Hz.
[DEBUG] [MMDevice] Initializing default eRender device...
[DEBUG] [WASAPI] Requesting shared 16-bit 2-channel client with WAVE_FORMAT_PCM samples at 48000Hz 64ms.
[DEBUG] [WASAPI] Default device period is 10.0ms.
[DEBUG] [WASAPI] Minimum device period is 3.0ms.
[DEBUG] [WASAPI] Shared stream latency is 0.0ms.
[DEBUG] [WASAPI] Endpoint buffer size is 3072 frames (6144 samples, 12288 bytes, 64.0 ms).
[INFO] [WASAPI] Client initialized (shared, PCM, 48000Hz, 64.0ms).
[INFO] [Audio] Started synchronous audio driver.
[DEBUG] [WASAPI mic] Initialized microphone driver context.
[INFO] [Microphone] Initialized microphone driver.
[INFO] [Display] Found display driver: "gl".
[INFO] [Playlist] Loading favorites file: "C:\RetroArch2\pkg\msvc\x64\test\Release\playlists\builtin\content_favorites.lpl".
[INFO] [Playlist] Loading history file: "C:\RetroArch2\pkg\msvc\x64\test\Release\playlists\builtin\content_history.lpl".
[INFO] [Playlist] Loading history file: "C:\RetroArch2\pkg\msvc\x64\test\Release\playlists\builtin\content_image_history.lpl".
[INFO] [Playlist] Loading history file: "C:\RetroArch2\pkg\msvc\x64\test\Release\playlists\builtin\content_music_history.lpl".
[INFO] [Core] Using content: "C:\Users\Blood\Downloads\Soulcalibur II (USA)\Soulcalibur II (USA).rvz".
[DEBUG] [Audio] Stopped audio driver "wasapi".
[INFO] [Core] Unloading core...
[INFO] [Core] Unloading core symbols...
[DEBUG] [Video] Does not have enough samples for monitor refresh rate estimation. Requires to run for at least 4096 frames.
[INFO] === Build =======================================
[INFO] CPU Model Name: AMD Ryzen 7 9800X3D 8-Core Processor           
[INFO] Capabilities: MMX MMXEXT SSE SSE2 SSE3 SSSE3 SSE4 SSE42 AES AVX AVX2 
[INFO] Version: 1.22.2
[INFO] Built: Dec 25 2025
[INFO] =================================================
[INFO] [Input] Found input driver: "dinput".
[INFO] [Core] Loading dynamic libretro core from: "C:\RetroArch2\pkg\msvc\x64\test\Release\cores\dolphin_libretro.dll".
[INFO] [Override] Redirecting save file to "C:\RetroArch2\pkg\msvc\x64\test\Release\saves\Dolphin\Soulcalibur II (USA).srm".
[INFO] [Override] Redirecting save state to "C:\RetroArch2\pkg\msvc\x64\test\Release\states\Dolphin\Soulcalibur II (USA).state".
[INFO] [Environ] SET_SUPPORT_NO_GAME: no.
[INFO] [Environ] GET_LOG_INTERFACE.
[INFO] [Environ] SET_PIXEL_FORMAT: XRGB8888.
[INFO] [Environ] SET_VARIABLES.
[INFO] [Environ] GET_SYSTEM_DIRECTORY: "C:\RetroArch2\pkg\msvc\x64\test\Release\system".
[libretro INFO] Using Sys directory: C:\RetroArch2\pkg\msvc\x64\test\Release\system/Dolphin/Sys
[INFO] [Environ] GET_SAVE_DIRECTORY: "C:\RetroArch2\pkg\msvc\x64\test\Release\saves\Dolphin".
[DEBUG] [Environ] GET_VARIABLE: dolphin_netplay_lan_mode = "join"
[INFO] [Environ] SET_VARIABLES.
[INFO] [Core] Saved core options file to "C:\RetroArch2\pkg\msvc\x64\test\Release\config\Dolphin\Dolphin.opt".
[DEBUG] [Environ] GET_VARIABLE: dolphin_internal_resolution = "1x"
[DEBUG] [Environ] GET_VARIABLE: dolphin_widescreen_hack = "disabled"
[DEBUG] [Environ] GET_VARIABLE: dolphin_vsync = "disabled"
[DEBUG] [Environ] GET_VARIABLE: dolphin_dual_core = "disabled"
[DEBUG] [Environ] GET_VARIABLE: dolphin_dsp_hle = "enabled"
[DEBUG] [Environ] GET_VARIABLE: dolphin_sync_on_skip_idle = "enabled"
[DEBUG] [Environ] GET_VARIABLE: dolphin_cheats = "disabled"
[DEBUG] [Environ] GET_VARIABLE: dolphin_savestates = "disabled"
[DEBUG] [Environ] GET_VARIABLE: dolphin_wiimote_speaker = "disabled"
[DEBUG] [Environ] GET_VARIABLE: dolphin_wiimote_1 = "emulated"
[DEBUG] [Environ] GET_VARIABLE: dolphin_wiimote_2 = "none"
[DEBUG] [Environ] GET_VARIABLE: dolphin_wiimote_3 = "none"
[DEBUG] [Environ] GET_VARIABLE: dolphin_wiimote_4 = "none"
[DEBUG] [Environ] GET_VARIABLE: dolphin_netplay_address = "127.0.0.1"
[DEBUG] [Environ] GET_VARIABLE: dolphin_netplay_connect_port = "43210"
[DEBUG] [Environ] GET_VARIABLE: dolphin_netplay_host_port = "43210"
[DEBUG] [Environ] GET_VARIABLE: dolphin_netplay_listen_port = "43211"
[DEBUG] [Environ] GET_VARIABLE: dolphin_netplay_host_code = "00000000"
[DEBUG] [Environ] GET_VARIABLE: dolphin_netplay_traversal_server = "stun.dolphin-emu.org"
[DEBUG] [Environ] GET_VARIABLE: dolphin_netplay_traversal_port = "6262"
[DEBUG] [Environ] GET_VARIABLE: dolphin_netplay_traversal_port_alt = "6226"
[DEBUG] [Environ] GET_VARIABLE: dolphin_netplay_lobby_advertise = "disabled"
[DEBUG] [Environ] GET_VARIABLE: dolphin_netplay_lobby_region = "NA"
[DEBUG] [Environ] GET_VARIABLE: dolphin_netplay_savedata_load = "enabled"
[DEBUG] [Environ] GET_VARIABLE: dolphin_netplay_savedata_write = "enabled"
[DEBUG] [Environ] GET_VARIABLE: dolphin_netplay_savedata_sync_all_wii = "disabled"
[DEBUG] [Environ] GET_VARIABLE: dolphin_netplay_sync_codes = "enabled"
[DEBUG] [Environ] GET_VARIABLE: dolphin_netplay_strict_settings_sync = "disabled"
[DEBUG] [Environ] GET_VARIABLE: dolphin_netplay_record_inputs = "disabled"
[DEBUG] [Environ] GET_VARIABLE: dolphin_netplay_golf_overlay = "enabled"
[DEBUG] [Environ] GET_VARIABLE: dolphin_netplay_hide_remote_gbas = "disabled"
[DEBUG] [Environ] GET_VARIABLE: dolphin_netplay_use_upnp = "disabled"
[DEBUG] [Environ] GET_VARIABLE: dolphin_netplay_enable_qos = "enabled"
[DEBUG] [Environ] GET_VARIABLE: dolphin_netplay_network_mode = "fixeddelay"
[DEBUG] [Environ] GET_VARIABLE: dolphin_netplay_buffer_size = "5"
[DEBUG] [Environ] GET_VARIABLE: dolphin_netplay_client_buffer_size = "1"
[DEBUG] [Environ] GET_VARIABLE: dolphin_netplay_lan_mode = "join"
[DEBUG] [Environ] GET_VARIABLE: dolphin_netplay_lan_auto_port = "enabled"
[libretro INFO] [dolphin] 54:44:764 Common\SocketContext.cpp:22 I[COMMON]: WSAStartup succeeded, wVersion=2.2, wHighVersion=2.2
[INFO] [Content] Content loading skipped. Implementation will load it on its own.
[INFO] [Environ] GET_SYSTEM_DIRECTORY: "C:\RetroArch2\pkg\msvc\x64\test\Release\system".
[libretro INFO] Using Sys directory: C:\RetroArch2\pkg\msvc\x64\test\Release\system/Dolphin/Sys
[libretro INFO] [dolphin] 54:44:927 Common\FileUtil.cpp:814 I[COMMON]: Setting Sys directory to C:\RetroArch2\pkg\msvc\x64\test\Release\system/Dolphin/Sys/
[INFO] [Environ] SET_HW_SHARED_CONTEXT.
[INFO] [Environ] SET_HW_RENDER, context type: glcore.
[INFO] [HW] Requesting core OpenGL context (3.3).
[DEBUG] [Environ] GET_VARIABLE: dolphin_internal_resolution = "1x"
[DEBUG] [Environ] GET_VARIABLE: dolphin_widescreen_hack = "disabled"
[DEBUG] [Environ] GET_VARIABLE: dolphin_vsync = "disabled"
[DEBUG] [Environ] GET_VARIABLE: dolphin_dual_core = "disabled"
[DEBUG] [Environ] GET_VARIABLE: dolphin_dsp_hle = "enabled"
[DEBUG] [Environ] GET_VARIABLE: dolphin_sync_on_skip_idle = "enabled"
[DEBUG] [Environ] GET_VARIABLE: dolphin_cheats = "disabled"
[DEBUG] [Environ] GET_VARIABLE: dolphin_savestates = "disabled"
[DEBUG] [Environ] GET_VARIABLE: dolphin_wiimote_speaker = "disabled"
[DEBUG] [Environ] GET_VARIABLE: dolphin_wiimote_1 = "emulated"
[DEBUG] [Environ] GET_VARIABLE: dolphin_wiimote_2 = "none"
[DEBUG] [Environ] GET_VARIABLE: dolphin_wiimote_3 = "none"
[DEBUG] [Environ] GET_VARIABLE: dolphin_wiimote_4 = "none"
[DEBUG] [Environ] GET_VARIABLE: dolphin_netplay_address = "127.0.0.1"
[DEBUG] [Environ] GET_VARIABLE: dolphin_netplay_connect_port = "43210"
[DEBUG] [Environ] GET_VARIABLE: dolphin_netplay_host_port = "43210"
[DEBUG] [Environ] GET_VARIABLE: dolphin_netplay_listen_port = "43211"
[DEBUG] [Environ] GET_VARIABLE: dolphin_netplay_host_code = "00000000"
[DEBUG] [Environ] GET_VARIABLE: dolphin_netplay_traversal_server = "stun.dolphin-emu.org"
[DEBUG] [Environ] GET_VARIABLE: dolphin_netplay_traversal_port = "6262"
[DEBUG] [Environ] GET_VARIABLE: dolphin_netplay_traversal_port_alt = "6226"
[DEBUG] [Environ] GET_VARIABLE: dolphin_netplay_lobby_advertise = "disabled"
[DEBUG] [Environ] GET_VARIABLE: dolphin_netplay_lobby_region = "NA"
[DEBUG] [Environ] GET_VARIABLE: dolphin_netplay_savedata_load = "enabled"
[DEBUG] [Environ] GET_VARIABLE: dolphin_netplay_savedata_write = "enabled"
[DEBUG] [Environ] GET_VARIABLE: dolphin_netplay_savedata_sync_all_wii = "disabled"
[DEBUG] [Environ] GET_VARIABLE: dolphin_netplay_sync_codes = "enabled"
[DEBUG] [Environ] GET_VARIABLE: dolphin_netplay_strict_settings_sync = "disabled"
[DEBUG] [Environ] GET_VARIABLE: dolphin_netplay_record_inputs = "disabled"
[DEBUG] [Environ] GET_VARIABLE: dolphin_netplay_golf_overlay = "enabled"
[DEBUG] [Environ] GET_VARIABLE: dolphin_netplay_hide_remote_gbas = "disabled"
[DEBUG] [Environ] GET_VARIABLE: dolphin_netplay_use_upnp = "disabled"
[DEBUG] [Environ] GET_VARIABLE: dolphin_netplay_enable_qos = "enabled"
[DEBUG] [Environ] GET_VARIABLE: dolphin_netplay_network_mode = "fixeddelay"
[DEBUG] [Environ] GET_VARIABLE: dolphin_netplay_buffer_size = "5"
[DEBUG] [Environ] GET_VARIABLE: dolphin_netplay_client_buffer_size = "1"
[DEBUG] [Environ] GET_VARIABLE: dolphin_netplay_lan_mode = "join"
[DEBUG] [Environ] GET_VARIABLE: dolphin_netplay_lan_auto_port = "enabled"
[libretro INFO] [dolphin] 54:44:931 Common\SocketContext.cpp:22 I[COMMON]: WSAStartup succeeded, wVersion=2.2, wHighVersion=2.2
[DEBUG] [Environ] GET_VARIABLE: dolphin_netplay_lan_mode = "join"
[DEBUG] [Environ] GET_VARIABLE: dolphin_netplay_lan_mode = "join"
[INFO] [Environ] GET_USERNAME: "".
[DEBUG] [Environ] GET_VARIABLE: dolphin_netplay_lan_mode = "join"
[INFO] [SRAM] Skipping SRAM load.
[INFO] [Core] Version of libretro API: 1, Compiled against API: 1
[INFO] [Core] Geometry: 640x528, Aspect: 1.333, FPS: 60.00, Sample rate: 48000.00 Hz.
[INFO] [Video] Set video size to: 1440x1080.
[INFO] [Video] Using HW render, glcore driver forced.
[INFO] [Video] "glcore" saved as cached driver.
[INFO] [GLCore] Found GL context: "wgl".
[INFO] [GLCore] Detecting screen resolution: 3840x2160.
[libretro INFO] NetPlay chat: Quality of Service (QoS) was successfully enabled.
[libretro INFO] NetPlay game changed: Soulcalibur II (GRSEAF)
[INFO] [WGL] Extensions: WGL_ARB_buffer_region WGL_ARB_create_context WGL_ARB_create_context_no_error WGL_ARB_create_context_profile WGL_ARB_create_context_robustness WGL_ARB_context_flush_control WGL_ARB_extensions_string WGL_ARB_make_current_read WGL_ARB_multisample WGL_ARB_pbuffer WGL_ARB_pixel_format WGL_ARB_pixel_format_float WGL_ARB_render_texture WGL_ATI_pixel_format_float WGL_EXT_colorspace WGL_EXT_create_context_es_profile WGL_EXT_create_context_es2_profile WGL_EXT_extensions_string WGL_EXT_framebuffer_sRGB WGL_EXT_pixel_format_packed_float WGL_EXT_swap_control WGL_EXT_swap_control_tear WGL_NVX_DX_interop WGL_NV_DX_interop WGL_NV_DX_interop2 WGL_NV_copy_image WGL_NV_delay_before_swap WGL_NV_float_buffer WGL_NV_multisample_coverage WGL_NV_multigpu_context WGL_NV_render_depth_texture WGL_NV_render_texture_rectangle 
[INFO] [WGL] Adaptive VSync supported.
[libretro INFO] [dolphin] 54:44:952 Common\FileUtil.cpp:792 I[COMMON]: CreateSysDirectoryPath: Setting to C:\RetroArch2\pkg\msvc\x64\test\Release/Sys/
[libretro INFO] NetPlay buffer size: 5
[libretro INFO] NetPlay host input authority: disabled
[libretro INFO] NetPlay player joined: Player
[INFO] [GLCore] Initializing HW render (1024x1024).
[INFO] [GLCore] Max texture size: 32768 px, renderbuffer size: 32768 px.
[INFO] [GLCore] Vendor: NVIDIA Corporation, Renderer: NVIDIA GeForce RTX 4090/PCIe/SSE2.
[INFO] [GLCore] Version: 4.6.0 NVIDIA 560.94.
[INFO] [GLCore] Using resolution 1440x1080.
[INFO] [Input] Found joypad driver: "dinput".
[INFO] [GLCore] Using Slang shader backend.
[INFO] [GLCore] Loading stock shader.
[INFO] [GLCore] Building pass #0 (N/A)
[INFO] [GLCore] Not using frame history.
[INFO] [GLCore] Not using framebuffer feedback.
[INFO] [Video] Found display server: "win32".
[INFO] [Audio] Set audio input rate to: 48000.00 Hz.
[DEBUG] [MMDevice] Initializing default eRender device...
[DEBUG] [WASAPI] Requesting shared 16-bit 2-channel client with WAVE_FORMAT_PCM samples at 48000Hz 64ms.
[DEBUG] [WASAPI] Default device period is 10.0ms.
[DEBUG] [WASAPI] Minimum device period is 3.0ms.
[DEBUG] [WASAPI] Shared stream latency is 0.0ms.
[DEBUG] [WASAPI] Endpoint buffer size is 3072 frames (6144 samples, 12288 bytes, 64.0 ms).
[INFO] [WASAPI] Client initialized (shared, PCM, 48000Hz, 64.0ms).
[INFO] [Audio] Started synchronous audio driver.
[DEBUG] [WASAPI mic] Initialized microphone driver context.
[INFO] [Microphone] Initialized microphone driver.
[INFO] [Display] Found display driver: "glcore".
[INFO] [Playlist] Loading favorites file: "C:\RetroArch2\pkg\msvc\x64\test\Release\playlists\builtin\content_favorites.lpl".
[INFO] [Playlist] Loading history file: "C:\RetroArch2\pkg\msvc\x64\test\Release\playlists\builtin\content_history.lpl".
[INFO] [Playlist] Loading history file: "C:\RetroArch2\pkg\msvc\x64\test\Release\playlists\builtin\content_image_history.lpl".
[INFO] [Playlist] Loading history file: "C:\RetroArch2\pkg\msvc\x64\test\Release\playlists\builtin\content_music_history.lpl".
[DEBUG] [Environ] GET_VARIABLE: dolphin_netplay_lan_mode = "join"
[DEBUG] [Environ] GET_VARIABLE: dolphin_netplay_lan_mode = "join"
[DEBUG] [Environ] GET_VARIABLE: dolphin_netplay_lan_mode = "join"
[DEBUG] [Environ] GET_VARIABLE: dolphin_netplay_lan_mode = "join"
[DEBUG] [Environ] GET_VARIABLE: dolphin_netplay_lan_mode = "join"
[DEBUG] [Environ] GET_VARIABLE: dolphin_netplay_lan_mode = "join"
[DEBUG] [Environ] GET_VARIABLE: dolphin_netplay_lan_mode = "join"
[DEBUG] [Environ] GET_VARIABLE: dolphin_netplay_lan_mode = "join"
[DEBUG] [Environ] GET_VARIABLE: dolphin_netplay_lan_mode = "join"
[DEBUG] [Environ] GET_VARIABLE: dolphin_netplay_lan_mode = "join"
[DEBUG] [Environ] GET_VARIABLE: dolphin_netplay_lan_mode = "join"
[DEBUG] [Environ] GET_VARIABLE: dolphin_netplay_lan_mode = "join"
[DEBUG] [Environ] GET_VARIABLE: dolphin_netplay_lan_mode = "join"
[DEBUG] [Environ] GET_VARIABLE: dolphin_netplay_lan_mode = "join"
[DEBUG] [Environ] GET_VARIABLE: dolphin_netplay_lan_mode = "join"
[DEBUG] [Environ] GET_VARIABLE: dolphin_netplay_lan_mode = "join"
[DEBUG] [Environ] GET_VARIABLE: dolphin_netplay_lan_mode = "join"
[DEBUG] [Environ] GET_VARIABLE: dolphin_netplay_lan_mode = "join"
[DEBUG] [Environ] GET_VARIABLE: dolphin_netplay_lan_mode = "join"
[DEBUG] [Environ] GET_VARIABLE: dolphin_netplay_lan_mode = "join"
[DEBUG] [Environ] GET_VARIABLE: dolphin_netplay_lan_mode = "join"
[DEBUG] [Environ] GET_VARIABLE: dolphin_netplay_lan_mode = "join"
[DEBUG] [Environ] GET_VARIABLE: dolphin_netplay_lan_mode = "join"
[DEBUG] [Environ] GET_VARIABLE: dolphin_netplay_lan_mode = "join"
[DEBUG] [Environ] GET_VARIABLE: dolphin_netplay_lan_mode = "join"
[DEBUG] [Environ] GET_VARIABLE: dolphin_netplay_lan_mode = "join"
[DEBUG] [Environ] GET_VARIABLE: dolphin_netplay_lan_mode = "join"
[DEBUG] [Environ] GET_VARIABLE: dolphin_netplay_lan_mode = "join"
[DEBUG] [Environ] GET_VARIABLE: dolphin_netplay_lan_mode = "join"
[DEBUG] [Environ] GET_VARIABLE: dolphin_netplay_lan_mode = "join"
[DEBUG] [Environ] GET_VARIABLE: dolphin_netplay_lan_mode = "join"
[DEBUG] [Environ] GET_VARIABLE: dolphin_netplay_lan_mode = "join"
[DEBUG] [Environ] GET_VARIABLE: dolphin_netplay_lan_mode = "join"
[DEBUG] [Environ] GET_VARIABLE: dolphin_netplay_lan_mode = "join"
[DEBUG] [Environ] GET_VARIABLE: dolphin_netplay_lan_mode = "join"
[DEBUG] [Environ] GET_VARIABLE: dolphin_netplay_lan_mode = "join"
[DEBUG] [Environ] GET_VARIABLE: dolphin_netplay_lan_mode = "join"
[DEBUG] [Environ] GET_VARIABLE: dolphin_netplay_lan_mode = "join"
[DEBUG] [Environ] GET_VARIABLE: dolphin_netplay_lan_mode = "join"
[DEBUG] [Environ] GET_VARIABLE: dolphin_netplay_lan_mode = "join"
[DEBUG] [Environ] GET_VARIABLE: dolphin_netplay_lan_mode = "join"
[DEBUG] [Environ] GET_VARIABLE: dolphin_netplay_lan_mode = "join"
[DEBUG] [Environ] GET_VARIABLE: dolphin_netplay_lan_mode = "join"
[DEBUG] [Environ] GET_VARIABLE: dolphin_netplay_lan_mode = "join"
[DEBUG] [Environ] GET_VARIABLE: dolphin_netplay_lan_mode = "join"
[DEBUG] [Environ] GET_VARIABLE: dolphin_netplay_lan_mode = "join"
[DEBUG] [Environ] GET_VARIABLE: dolphin_netplay_lan_mode = "join"
[DEBUG] [Environ] GET_VARIABLE: dolphin_netplay_lan_mode = "join"
[DEBUG] [Environ] GET_VARIABLE: dolphin_netplay_lan_mode = "join"
[DEBUG] [Environ] GET_VARIABLE: dolphin_netplay_lan_mode = "join"
[DEBUG] [Environ] GET_VARIABLE: dolphin_netplay_lan_mode = "join"
[DEBUG] [Environ] GET_VARIABLE: dolphin_netplay_lan_mode = "join"
[DEBUG] [Environ] GET_VARIABLE: dolphin_netplay_lan_mode = "join"
[DEBUG] [Environ] GET_VARIABLE: dolphin_netplay_lan_mode = "join"
[DEBUG] [Environ] GET_VARIABLE: dolphin_netplay_lan_mode = "join"
[DEBUG] [Environ] GET_VARIABLE: dolphin_netplay_lan_mode = "join"
[DEBUG] [Environ] GET_VARIABLE: dolphin_netplay_lan_mode = "join"
[DEBUG] [Environ] GET_VARIABLE: dolphin_netplay_lan_mode = "join"
[DEBUG] [Environ] GET_VARIABLE: dolphin_netplay_lan_mode = "join"
[DEBUG] [Environ] GET_VARIABLE: dolphin_netplay_lan_mode = "join"
[DEBUG] [Environ] GET_VARIABLE: dolphin_netplay_lan_mode = "join"
[DEBUG] [Environ] GET_VARIABLE: dolphin_netplay_lan_mode = "join"
[DEBUG] [Environ] GET_VARIABLE: dolphin_netplay_lan_mode = "join"
[DEBUG] [Environ] GET_VARIABLE: dolphin_netplay_lan_mode = "join"
[DEBUG] [Environ] GET_VARIABLE: dolphin_netplay_lan_mode = "join"
[DEBUG] [Environ] GET_VARIABLE: dolphin_netplay_lan_mode = "join"
[DEBUG] [Environ] GET_VARIABLE: dolphin_netplay_lan_mode = "join"
[DEBUG] [Environ] GET_VARIABLE: dolphin_netplay_lan_mode = "join"
[DEBUG] [Environ] GET_VARIABLE: dolphin_netplay_lan_mode = "join"
[DEBUG] [Environ] GET_VARIABLE: dolphin_netplay_lan_mode = "join"
[DEBUG] [Environ] GET_VARIABLE: dolphin_netplay_lan_mode = "join"
[DEBUG] [Environ] GET_VARIABLE: dolphin_netplay_lan_mode = "join"
[DEBUG] [Environ] GET_VARIABLE: dolphin_netplay_lan_mode = "join"
[DEBUG] [Environ] GET_VARIABLE: dolphin_netplay_lan_mode = "join"
[DEBUG] [Environ] GET_VARIABLE: dolphin_netplay_lan_mode = "join"
[DEBUG] [Environ] GET_VARIABLE: dolphin_netplay_lan_mode = "join"
[DEBUG] [Environ] GET_VARIABLE: dolphin_netplay_lan_mode = "join"
[DEBUG] [Environ] GET_VARIABLE: dolphin_netplay_lan_mode = "join"
[DEBUG] [Environ] GET_VARIABLE: dolphin_netplay_lan_mode = "join"
[DEBUG] [Environ] GET_VARIABLE: dolphin_netplay_lan_mode = "join"
[DEBUG] [Environ] GET_VARIABLE: dolphin_netplay_lan_mode = "join"
[DEBUG] [Environ] GET_VARIABLE: dolphin_netplay_lan_mode = "join"
[DEBUG] [Environ] GET_VARIABLE: dolphin_netplay_lan_mode = "join"
[DEBUG] [Environ] GET_VARIABLE: dolphin_netplay_lan_mode = "join"
[DEBUG] [Environ] GET_VARIABLE: dolphin_netplay_lan_mode = "join"
[DEBUG] [Environ] GET_VARIABLE: dolphin_netplay_lan_mode = "join"
[DEBUG] [Environ] GET_VARIABLE: dolphin_netplay_lan_mode = "join"
[DEBUG] [Environ] GET_VARIABLE: dolphin_netplay_lan_mode = "join"
[DEBUG] [Environ] GET_VARIABLE: dolphin_netplay_lan_mode = "join"
[DEBUG] [Environ] GET_VARIABLE: dolphin_netplay_lan_mode = "join"
[DEBUG] [Environ] GET_VARIABLE: dolphin_netplay_lan_mode = "join"
[DEBUG] [Environ] GET_VARIABLE: dolphin_netplay_lan_mode = "join"
[DEBUG] [Environ] GET_VARIABLE: dolphin_netplay_lan_mode = "join"
[DEBUG] [Environ] GET_VARIABLE: dolphin_netplay_lan_mode = "join"
[DEBUG] [Environ] GET_VARIABLE: dolphin_netplay_lan_mode = "join"
[DEBUG] [Environ] GET_VARIABLE: dolphin_netplay_lan_mode = "join"
[DEBUG] [Environ] GET_VARIABLE: dolphin_netplay_lan_mode = "join"
[DEBUG] [Environ] GET_VARIABLE: dolphin_netplay_lan_mode = "join"
[DEBUG] [Environ] GET_VARIABLE: dolphin_netplay_lan_mode = "join"
[DEBUG] [Environ] GET_VARIABLE: dolphin_netplay_lan_mode = "join"
[DEBUG] [Environ] GET_VARIABLE: dolphin_netplay_lan_mode = "join"
[DEBUG] [Environ] GET_VARIABLE: dolphin_netplay_lan_mode = "join"
[DEBUG] [Environ] GET_VARIABLE: dolphin_netplay_lan_mode = "join"
[DEBUG] [Environ] GET_VARIABLE: dolphin_netplay_lan_mode = "join"
[DEBUG] [Environ] GET_VARIABLE: dolphin_netplay_lan_mode = "join"
[DEBUG] [Environ] GET_VARIABLE: dolphin_netplay_lan_mode = "join"
[DEBUG] [Environ] GET_VARIABLE: dolphin_netplay_lan_mode = "join"
[DEBUG] [Environ] GET_VARIABLE: dolphin_netplay_lan_mode = "join"
[DEBUG] [Environ] GET_VARIABLE: dolphin_netplay_lan_mode = "join"
[DEBUG] [Environ] GET_VARIABLE: dolphin_netplay_lan_mode = "join"
[DEBUG] [Environ] GET_VARIABLE: dolphin_netplay_lan_mode = "join"
[DEBUG] [Environ] GET_VARIABLE: dolphin_netplay_lan_mode = "join"
[DEBUG] [Environ] GET_VARIABLE: dolphin_netplay_lan_mode = "join"
[DEBUG] [Environ] GET_VARIABLE: dolphin_netplay_lan_mode = "join"
[DEBUG] [Environ] GET_VARIABLE: dolphin_netplay_lan_mode = "join"
[DEBUG] [Environ] GET_VARIABLE: dolphin_netplay_lan_mode = "join"
[DEBUG] [Environ] GET_VARIABLE: dolphin_netplay_lan_mode = "join"
[DEBUG] [Environ] GET_VARIABLE: dolphin_netplay_lan_mode = "join"
[DEBUG] [Environ] GET_VARIABLE: dolphin_netplay_lan_mode = "join"
[DEBUG] [Environ] GET_VARIABLE: dolphin_netplay_lan_mode = "join"
[DEBUG] [Environ] GET_VARIABLE: dolphin_netplay_lan_mode = "join"
[DEBUG] [Environ] GET_VARIABLE: dolphin_netplay_lan_mode = "join"
[DEBUG] [Environ] GET_VARIABLE: dolphin_netplay_lan_mode = "join"
[DEBUG] [Environ] GET_VARIABLE: dolphin_netplay_lan_mode = "join"
[DEBUG] [Environ] GET_VARIABLE: dolphin_netplay_lan_mode = "join"
[DEBUG] [Environ] GET_VARIABLE: dolphin_netplay_lan_mode = "join"
[DEBUG] [Environ] GET_VARIABLE: dolphin_netplay_lan_mode = "join"
[DEBUG] [Environ] GET_VARIABLE: dolphin_netplay_lan_mode = "join"
[DEBUG] [Environ] GET_VARIABLE: dolphin_netplay_lan_mode = "join"
[DEBUG] [Environ] GET_VARIABLE: dolphin_netplay_lan_mode = "join"
[DEBUG] [Environ] GET_VARIABLE: dolphin_netplay_lan_mode = "join"
[DEBUG] [Environ] GET_VARIABLE: dolphin_netplay_lan_mode = "join"
[DEBUG] [Environ] GET_VARIABLE: dolphin_netplay_lan_mode = "join"
[DEBUG] [Environ] GET_VARIABLE: dolphin_netplay_lan_mode = "join"
[DEBUG] [Environ] GET_VARIABLE: dolphin_netplay_lan_mode = "join"
[DEBUG] [Environ] GET_VARIABLE: dolphin_netplay_lan_mode = "join"
[DEBUG] [Environ] GET_VARIABLE: dolphin_netplay_lan_mode = "join"
[DEBUG] [Environ] GET_VARIABLE: dolphin_netplay_lan_mode = "join"
[DEBUG] [Environ] GET_VARIABLE: dolphin_netplay_lan_mode = "join"
[DEBUG] [Environ] GET_VARIABLE: dolphin_netplay_lan_mode = "join"
[DEBUG] [Environ] GET_VARIABLE: dolphin_netplay_lan_mode = "join"
[DEBUG] [Environ] GET_VARIABLE: dolphin_netplay_lan_mode = "join"
[DEBUG] [Environ] GET_VARIABLE: dolphin_netplay_lan_mode = "join"
[DEBUG] [Environ] GET_VARIABLE: dolphin_netplay_lan_mode = "join"
[DEBUG] [Environ] GET_VARIABLE: dolphin_netplay_lan_mode = "join"
[DEBUG] [Environ] GET_VARIABLE: dolphin_netplay_lan_mode = "join"
[DEBUG] [Environ] GET_VARIABLE: dolphin_netplay_lan_mode = "join"
[DEBUG] [Environ] GET_VARIABLE: dolphin_netplay_lan_mode = "join"
[DEBUG] [Environ] GET_VARIABLE: dolphin_netplay_lan_mode = "join"
[DEBUG] [Environ] GET_VARIABLE: dolphin_netplay_lan_mode = "join"
[DEBUG] [Environ] GET_VARIABLE: dolphin_netplay_lan_mode = "join"
[DEBUG] [Environ] GET_VARIABLE: dolphin_netplay_lan_mode = "join"
[DEBUG] [Environ] GET_VARIABLE: dolphin_netplay_lan_mode = "join"
[DEBUG] [Environ] GET_VARIABLE: dolphin_netplay_lan_mode = "join"
[DEBUG] [Environ] GET_VARIABLE: dolphin_netplay_lan_mode = "join"
[DEBUG] [Environ] GET_VARIABLE: dolphin_netplay_lan_mode = "join"
[DEBUG] [Environ] GET_VARIABLE: dolphin_netplay_lan_mode = "join"
[DEBUG] [Environ] GET_VARIABLE: dolphin_netplay_lan_mode = "join"
[DEBUG] [Environ] GET_VARIABLE: dolphin_netplay_lan_mode = "join"
[DEBUG] [Environ] GET_VARIABLE: dolphin_netplay_lan_mode = "join"
[DEBUG] [Environ] GET_VARIABLE: dolphin_netplay_lan_mode = "join"
[DEBUG] [Environ] GET_VARIABLE: dolphin_netplay_lan_mode = "join"
[DEBUG] [Environ] GET_VARIABLE: dolphin_netplay_lan_mode = "join"
[DEBUG] [Environ] GET_VARIABLE: dolphin_netplay_lan_mode = "join"
[DEBUG] [Environ] GET_VARIABLE: dolphin_netplay_lan_mode = "join"
[DEBUG] [Environ] GET_VARIABLE: dolphin_netplay_lan_mode = "join"
[DEBUG] [Environ] GET_VARIABLE: dolphin_netplay_lan_mode = "join"
[DEBUG] [Environ] GET_VARIABLE: dolphin_netplay_lan_mode = "join"
[DEBUG] [Environ] GET_VARIABLE: dolphin_netplay_lan_mode = "join"
[DEBUG] [Environ] GET_VARIABLE: dolphin_netplay_lan_mode = "join"
[DEBUG] [Environ] GET_VARIABLE: dolphin_netplay_lan_mode = "join"
[DEBUG] [Environ] GET_VARIABLE: dolphin_netplay_lan_mode = "join"
[DEBUG] [Environ] GET_VARIABLE: dolphin_netplay_lan_mode = "join"
[DEBUG] [Environ] GET_VARIABLE: dolphin_netplay_lan_mode = "join"
[DEBUG] [Environ] GET_VARIABLE: dolphin_netplay_lan_mode = "join"
[DEBUG] [Environ] GET_VARIABLE: dolphin_netplay_lan_mode = "join"
[DEBUG] [Environ] GET_VARIABLE: dolphin_netplay_lan_mode = "join"
[DEBUG] [Environ] GET_VARIABLE: dolphin_netplay_lan_mode = "join"
[DEBUG] [Environ] GET_VARIABLE: dolphin_netplay_lan_mode = "join"
[DEBUG] [Environ] GET_VARIABLE: dolphin_netplay_lan_mode = "join"
[DEBUG] [Environ] GET_VARIABLE: dolphin_netplay_lan_mode = "join"
[DEBUG] [Environ] GET_VARIABLE: dolphin_netplay_lan_mode = "join"
[DEBUG] [Environ] GET_VARIABLE: dolphin_netplay_lan_mode = "join"
[DEBUG] [Environ] GET_VARIABLE: dolphin_netplay_lan_mode = "join"
[DEBUG] [Environ] GET_VARIABLE: dolphin_netplay_lan_mode = "join"
[DEBUG] [Environ] GET_VARIABLE: dolphin_netplay_lan_mode = "join"
[DEBUG] [Environ] GET_VARIABLE: dolphin_netplay_lan_mode = "join"
[DEBUG] [Environ] GET_VARIABLE: dolphin_netplay_lan_mode = "join"
[DEBUG] [Environ] GET_VARIABLE: dolphin_netplay_lan_mode = "join"
[DEBUG] [Environ] GET_VARIABLE: dolphin_netplay_lan_mode = "join"
[DEBUG] [Environ] GET_VARIABLE: dolphin_netplay_lan_mode = "join"
[DEBUG] [Environ] GET_VARIABLE: dolphin_netplay_lan_mode = "join"
[DEBUG] [Environ] GET_VARIABLE: dolphin_netplay_lan_mode = "join"
[DEBUG] [Environ] GET_VARIABLE: dolphin_netplay_lan_mode = "join"
[DEBUG] [Environ] GET_VARIABLE: dolphin_netplay_lan_mode = "join"
[DEBUG] [Environ] GET_VARIABLE: dolphin_netplay_lan_mode = "join"
[DEBUG] [Environ] GET_VARIABLE: dolphin_netplay_lan_mode = "join"
[DEBUG] [Environ] GET_VARIABLE: dolphin_netplay_lan_mode = "join"
[DEBUG] [Environ] GET_VARIABLE: dolphin_netplay_lan_mode = "join"
[DEBUG] [Environ] GET_VARIABLE: dolphin_netplay_lan_mode = "join"
[DEBUG] [Environ] GET_VARIABLE: dolphin_netplay_lan_mode = "join"
[DEBUG] [Environ] GET_VARIABLE: dolphin_netplay_lan_mode = "join"
[DEBUG] [Environ] GET_VARIABLE: dolphin_netplay_lan_mode = "join"
[DEBUG] [Environ] GET_VARIABLE: dolphin_netplay_lan_mode = "join"
[DEBUG] [Environ] GET_VARIABLE: dolphin_netplay_lan_mode = "join"
[DEBUG] [Environ] GET_VARIABLE: dolphin_netplay_lan_mode = "join"
[DEBUG] [Environ] GET_VARIABLE: dolphin_netplay_lan_mode = "join"
[DEBUG] [Environ] GET_VARIABLE: dolphin_netplay_lan_mode = "join"
[DEBUG] [Environ] GET_VARIABLE: dolphin_netplay_lan_mode = "join"
[DEBUG] [Environ] GET_VARIABLE: dolphin_netplay_lan_mode = "join"
[DEBUG] [Environ] GET_VARIABLE: dolphin_netplay_lan_mode = "join"
[DEBUG] [Environ] GET_VARIABLE: dolphin_netplay_lan_mode = "join"
[DEBUG] [Environ] GET_VARIABLE: dolphin_netplay_lan_mode = "join"
[DEBUG] [Environ] GET_VARIABLE: dolphin_netplay_lan_mode = "join"
[DEBUG] [Environ] GET_VARIABLE: dolphin_netplay_lan_mode = "join"
[DEBUG] [Environ] GET_VARIABLE: dolphin_netplay_lan_mode = "join"
[DEBUG] [Environ] GET_VARIABLE: dolphin_netplay_lan_mode = "join"
[DEBUG] [Environ] GET_VARIABLE: dolphin_netplay_lan_mode = "join"
[DEBUG] [Environ] GET_VARIABLE: dolphin_netplay_lan_mode = "join"
[DEBUG] [Environ] GET_VARIABLE: dolphin_netplay_lan_mode = "join"
[DEBUG] [Environ] GET_VARIABLE: dolphin_netplay_lan_mode = "join"
[DEBUG] [Environ] GET_VARIABLE: dolphin_netplay_lan_mode = "join"
[DEBUG] [Environ] GET_VARIABLE: dolphin_netplay_lan_mode = "join"
[DEBUG] [Environ] GET_VARIABLE: dolphin_netplay_lan_mode = "join"
[DEBUG] [Environ] GET_VARIABLE: dolphin_netplay_lan_mode = "join"
[DEBUG] [Environ] GET_VARIABLE: dolphin_netplay_lan_mode = "join"
[DEBUG] [Environ] GET_VARIABLE: dolphin_netplay_lan_mode = "join"
[DEBUG] [Environ] GET_VARIABLE: dolphin_netplay_lan_mode = "join"
[DEBUG] [Environ] GET_VARIABLE: dolphin_netplay_lan_mode = "join"
[DEBUG] [Environ] GET_VARIABLE: dolphin_netplay_lan_mode = "join"
[DEBUG] [Environ] GET_VARIABLE: dolphin_netplay_lan_mode = "join"
[DEBUG] [Environ] GET_VARIABLE: dolphin_netplay_lan_mode = "join"
[DEBUG] [Environ] GET_VARIABLE: dolphin_netplay_lan_mode = "join"
[DEBUG] [Environ] GET_VARIABLE: dolphin_netplay_lan_mode = "join"
[DEBUG] [Environ] GET_VARIABLE: dolphin_netplay_lan_mode = "join"
[DEBUG] [Environ] GET_VARIABLE: dolphin_netplay_lan_mode = "join"
[DEBUG] [Environ] GET_VARIABLE: dolphin_netplay_lan_mode = "join"
[DEBUG] [Environ] GET_VARIABLE: dolphin_netplay_lan_mode = "join"
[DEBUG] [Environ] GET_VARIABLE: dolphin_netplay_lan_mode = "join"
[DEBUG] [Environ] GET_VARIABLE: dolphin_netplay_lan_mode = "join"
[DEBUG] [Environ] GET_VARIABLE: dolphin_netplay_lan_mode = "join"
[DEBUG] [Environ] GET_VARIABLE: dolphin_netplay_lan_mode = "join"
[DEBUG] [Environ] GET_VARIABLE: dolphin_netplay_lan_mode = "join"
[DEBUG] [Environ] GET_VARIABLE: dolphin_netplay_lan_mode = "join"
[DEBUG] [Environ] GET_VARIABLE: dolphin_netplay_lan_mode = "join"
[DEBUG] [Environ] GET_VARIABLE: dolphin_netplay_lan_mode = "join"
[DEBUG] [Environ] GET_VARIABLE: dolphin_netplay_lan_mode = "join"
[DEBUG] [Environ] GET_VARIABLE: dolphin_netplay_lan_mode = "join"
[DEBUG] [Environ] GET_VARIABLE: dolphin_netplay_lan_mode = "join"
[DEBUG] [Environ] GET_VARIABLE: dolphin_netplay_lan_mode = "join"
[DEBUG] [Environ] GET_VARIABLE: dolphin_netplay_lan_mode = "join"
[DEBUG] [Environ] GET_VARIABLE: dolphin_netplay_lan_mode = "join"
[DEBUG] [Environ] GET_VARIABLE: dolphin_netplay_lan_mode = "join"
[DEBUG] [Environ] GET_VARIABLE: dolphin_netplay_lan_mode = "join"
[DEBUG] [Environ] GET_VARIABLE: dolphin_netplay_lan_mode = "join"
[DEBUG] [Environ] GET_VARIABLE: dolphin_netplay_lan_mode = "join"
[DEBUG] [Environ] GET_VARIABLE: dolphin_netplay_lan_mode = "join"
[DEBUG] [Environ] GET_VARIABLE: dolphin_netplay_lan_mode = "join"
[DEBUG] [Environ] GET_VARIABLE: dolphin_netplay_lan_mode = "join"
[DEBUG] [Environ] GET_VARIABLE: dolphin_netplay_lan_mode = "join"
[DEBUG] [Environ] GET_VARIABLE: dolphin_netplay_lan_mode = "join"
[DEBUG] [Environ] GET_VARIABLE: dolphin_netplay_lan_mode = "join"
[DEBUG] [Environ] GET_VARIABLE: dolphin_netplay_lan_mode = "join"
[DEBUG] [Environ] GET_VARIABLE: dolphin_netplay_lan_mode = "join"
[DEBUG] [Environ] GET_VARIABLE: dolphin_netplay_lan_mode = "join"
[DEBUG] [Environ] GET_VARIABLE: dolphin_netplay_lan_mode = "join"
[DEBUG] [Environ] GET_VARIABLE: dolphin_netplay_lan_mode = "join"
[DEBUG] [Environ] GET_VARIABLE: dolphin_netplay_lan_mode = "join"
[DEBUG] [Environ] GET_VARIABLE: dolphin_netplay_lan_mode = "join"
[DEBUG] [Environ] GET_VARIABLE: dolphin_netplay_lan_mode = "join"
[DEBUG] [Environ] GET_VARIABLE: dolphin_netplay_lan_mode = "join"
[DEBUG] [Environ] GET_VARIABLE: dolphin_netplay_lan_mode = "join"
[DEBUG] [Environ] GET_VARIABLE: dolphin_netplay_lan_mode = "join"
[DEBUG] [Environ] GET_VARIABLE: dolphin_netplay_lan_mode = "join"
[DEBUG] [Environ] GET_VARIABLE: dolphin_netplay_lan_mode = "join"
[DEBUG] [Environ] GET_VARIABLE: dolphin_netplay_lan_mode = "join"
[DEBUG] [Environ] GET_VARIABLE: dolphin_netplay_lan_mode = "join"
[DEBUG] [Environ] GET_VARIABLE: dolphin_netplay_lan_mode = "join"
[DEBUG] [Environ] GET_VARIABLE: dolphin_netplay_lan_mode = "join"
[DEBUG] [Environ] GET_VARIABLE: dolphin_netplay_lan_mode = "join"
[DEBUG] [Environ] GET_VARIABLE: dolphin_netplay_lan_mode = "join"
[DEBUG] [Environ] GET_VARIABLE: dolphin_netplay_lan_mode = "join"
[DEBUG] [Environ] GET_VARIABLE: dolphin_netplay_lan_mode = "join"
[DEBUG] [Environ] GET_VARIABLE: dolphin_netplay_lan_mode = "join"
[DEBUG] [Environ] GET_VARIABLE: dolphin_netplay_lan_mode = "join"
[DEBUG] [Environ] GET_VARIABLE: dolphin_netplay_lan_mode = "join"
[DEBUG] [Environ] GET_VARIABLE: dolphin_netplay_lan_mode = "join"
[DEBUG] [Environ] GET_VARIABLE: dolphin_netplay_lan_mode = "join"
[DEBUG] [Environ] GET_VARIABLE: dolphin_netplay_lan_mode = "join"
[DEBUG] [Environ] GET_VARIABLE: dolphin_netplay_lan_mode = "join"
[DEBUG] [Environ] GET_VARIABLE: dolphin_netplay_lan_mode = "join"
[DEBUG] [Environ] GET_VARIABLE: dolphin_netplay_lan_mode = "join"
[DEBUG] [Environ] GET_VARIABLE: dolphin_netplay_lan_mode = "join"
[DEBUG] [Environ] GET_VARIABLE: dolphin_netplay_lan_mode = "join"
[DEBUG] [Environ] GET_VARIABLE: dolphin_netplay_lan_mode = "join"
[DEBUG] [Environ] GET_VARIABLE: dolphin_netplay_lan_mode = "join"
[DEBUG] [Environ] GET_VARIABLE: dolphin_netplay_lan_mode = "join"
[DEBUG] [Environ] GET_VARIABLE: dolphin_netplay_lan_mode = "join"
[DEBUG] [Environ] GET_VARIABLE: dolphin_netplay_lan_mode = "join"
[DEBUG] [Environ] GET_VARIABLE: dolphin_netplay_lan_mode = "join"
[DEBUG] [Environ] GET_VARIABLE: dolphin_netplay_lan_mode = "join"
[DEBUG] [Environ] GET_VARIABLE: dolphin_netplay_lan_mode = "join"
[DEBUG] [Environ] GET_VARIABLE: dolphin_netplay_lan_mode = "join"
[DEBUG] [Environ] GET_VARIABLE: dolphin_netplay_lan_mode = "join"
[DEBUG] [Environ] GET_VARIABLE: dolphin_netplay_lan_mode = "join"
[DEBUG] [Environ] GET_VARIABLE: dolphin_netplay_lan_mode = "join"
[DEBUG] [Environ] GET_VARIABLE: dolphin_netplay_lan_mode = "join"
[DEBUG] [Environ] GET_VARIABLE: dolphin_netplay_lan_mode = "join"
[DEBUG] [Environ] GET_VARIABLE: dolphin_netplay_lan_mode = "join"
[DEBUG] [Environ] GET_VARIABLE: dolphin_netplay_lan_mode = "join"
[DEBUG] [Environ] GET_VARIABLE: dolphin_netplay_lan_mode = "join"
[DEBUG] [Environ] GET_VARIABLE: dolphin_netplay_lan_mode = "join"
[DEBUG] [Environ] GET_VARIABLE: dolphin_netplay_lan_mode = "join"
[DEBUG] [Environ] GET_VARIABLE: dolphin_netplay_lan_mode = "join"
[DEBUG] [Environ] GET_VARIABLE: dolphin_netplay_lan_mode = "join"
[DEBUG] [Environ] GET_VARIABLE: dolphin_netplay_lan_mode = "join"
[DEBUG] [Environ] GET_VARIABLE: dolphin_netplay_lan_mode = "join"
[DEBUG] [Environ] GET_VARIABLE: dolphin_netplay_lan_mode = "join"
[DEBUG] [Environ] GET_VARIABLE: dolphin_netplay_lan_mode = "join"
[DEBUG] [Environ] GET_VARIABLE: dolphin_netplay_lan_mode = "join"
[DEBUG] [Environ] GET_VARIABLE: dolphin_netplay_lan_mode = "join"
[DEBUG] [Environ] GET_VARIABLE: dolphin_netplay_lan_mode = "join"
[DEBUG] [Environ] GET_VARIABLE: dolphin_netplay_lan_mode = "join"
[DEBUG] [Environ] GET_VARIABLE: dolphin_netplay_lan_mode = "join"
[DEBUG] [Environ] GET_VARIABLE: dolphin_netplay_lan_mode = "join"
[DEBUG] [Environ] GET_VARIABLE: dolphin_netplay_lan_mode = "join"
[DEBUG] [Environ] GET_VARIABLE: dolphin_netplay_lan_mode = "join"
[DEBUG] [Environ] GET_VARIABLE: dolphin_netplay_lan_mode = "join"
[DEBUG] [Environ] GET_VARIABLE: dolphin_netplay_lan_mode = "join"
[DEBUG] [Environ] GET_VARIABLE: dolphin_netplay_lan_mode = "join"
[DEBUG] [Environ] GET_VARIABLE: dolphin_netplay_lan_mode = "join"
[DEBUG] [Environ] GET_VARIABLE: dolphin_netplay_lan_mode = "join"
[DEBUG] [Environ] GET_VARIABLE: dolphin_netplay_lan_mode = "join"
[DEBUG] [Environ] GET_VARIABLE: dolphin_netplay_lan_mode = "join"
[DEBUG] [Environ] GET_VARIABLE: dolphin_netplay_lan_mode = "join"
[DEBUG] [Environ] GET_VARIABLE: dolphin_netplay_lan_mode = "join"
[DEBUG] [Environ] GET_VARIABLE: dolphin_netplay_lan_mode = "join"
[DEBUG] [Environ] GET_VARIABLE: dolphin_netplay_lan_mode = "join"
[DEBUG] [Environ] GET_VARIABLE: dolphin_netplay_lan_mode = "join"
[DEBUG] [Environ] GET_VARIABLE: dolphin_netplay_lan_mode = "join"
[DEBUG] [Environ] GET_VARIABLE: dolphin_netplay_lan_mode = "join"
[DEBUG] [Environ] GET_VARIABLE: dolphin_netplay_lan_mode = "join"
[DEBUG] [Environ] GET_VARIABLE: dolphin_netplay_lan_mode = "join"
[DEBUG] [Environ] GET_VARIABLE: dolphin_netplay_lan_mode = "join"
[DEBUG] [Environ] GET_VARIABLE: dolphin_netplay_lan_mode = "join"
[DEBUG] [Environ] GET_VARIABLE: dolphin_netplay_lan_mode = "join"
[DEBUG] [Environ] GET_VARIABLE: dolphin_netplay_lan_mode = "join"
[DEBUG] [Environ] GET_VARIABLE: dolphin_netplay_lan_mode = "join"
[DEBUG] [Environ] GET_VARIABLE: dolphin_netplay_lan_mode = "join"
[DEBUG] [Environ] GET_VARIABLE: dolphin_netplay_lan_mode = "join"
[DEBUG] [Environ] GET_VARIABLE: dolphin_netplay_lan_mode = "join"
[DEBUG] [Environ] GET_VARIABLE: dolphin_netplay_lan_mode = "join"
[DEBUG] [Environ] GET_VARIABLE: dolphin_netplay_lan_mode = "join"
[DEBUG] [Environ] GET_VARIABLE: dolphin_netplay_lan_mode = "join"
[DEBUG] [Environ] GET_VARIABLE: dolphin_netplay_lan_mode = "join"
[DEBUG] [Environ] GET_VARIABLE: dolphin_netplay_lan_mode = "join"
[DEBUG] [Environ] GET_VARIABLE: dolphin_netplay_lan_mode = "join"
[DEBUG] [Environ] GET_VARIABLE: dolphin_netplay_lan_mode = "join"
[DEBUG] [Environ] GET_VARIABLE: dolphin_netplay_lan_mode = "join"
[DEBUG] [Environ] GET_VARIABLE: dolphin_netplay_lan_mode = "join"
[DEBUG] [Environ] GET_VARIABLE: dolphin_netplay_lan_mode = "join"
[DEBUG] [Environ] GET_VARIABLE: dolphin_netplay_lan_mode = "join"
[DEBUG] [Environ] GET_VARIABLE: dolphin_netplay_lan_mode = "join"
[DEBUG] [Environ] GET_VARIABLE: dolphin_netplay_lan_mode = "join"
[DEBUG] [Environ] GET_VARIABLE: dolphin_netplay_lan_mode = "join"
[DEBUG] [Environ] GET_VARIABLE: dolphin_netplay_lan_mode = "join"
[DEBUG] [Environ] GET_VARIABLE: dolphin_netplay_lan_mode = "join"
[DEBUG] [Environ] GET_VARIABLE: dolphin_netplay_lan_mode = "join"
[DEBUG] [Environ] GET_VARIABLE: dolphin_netplay_lan_mode = "join"
[DEBUG] [Environ] GET_VARIABLE: dolphin_netplay_lan_mode = "join"
[DEBUG] [Environ] GET_VARIABLE: dolphin_netplay_lan_mode = "join"
[DEBUG] [Environ] GET_VARIABLE: dolphin_netplay_lan_mode = "join"
[DEBUG] [Environ] GET_VARIABLE: dolphin_netplay_lan_mode = "join"
[DEBUG] [Environ] GET_VARIABLE: dolphin_netplay_lan_mode = "join"
[DEBUG] [Environ] GET_VARIABLE: dolphin_netplay_lan_mode = "join"
[DEBUG] [Environ] GET_VARIABLE: dolphin_netplay_lan_mode = "join"
[DEBUG] [Environ] GET_VARIABLE: dolphin_netplay_lan_mode = "join"
[DEBUG] [Environ] GET_VARIABLE: dolphin_netplay_lan_mode = "join"
[DEBUG] [Environ] GET_VARIABLE: dolphin_netplay_lan_mode = "join"
[DEBUG] [Environ] GET_VARIABLE: dolphin_netplay_lan_mode = "join"
[DEBUG] [Environ] GET_VARIABLE: dolphin_netplay_lan_mode = "join"
[DEBUG] [Environ] GET_VARIABLE: dolphin_netplay_lan_mode = "join"
[DEBUG] [Environ] GET_VARIABLE: dolphin_netplay_lan_mode = "join"
[DEBUG] [Environ] GET_VARIABLE: dolphin_netplay_lan_mode = "join"
[DEBUG] [Environ] GET_VARIABLE: dolphin_netplay_lan_mode = "join"
[DEBUG] [Environ] GET_VARIABLE: dolphin_netplay_lan_mode = "join"
[DEBUG] [Environ] GET_VARIABLE: dolphin_netplay_lan_mode = "join"
[DEBUG] [Environ] GET_VARIABLE: dolphin_netplay_lan_mode = "join"
[DEBUG] [Environ] GET_VARIABLE: dolphin_netplay_lan_mode = "join"
[DEBUG] [Environ] GET_VARIABLE: dolphin_netplay_lan_mode = "join"
[DEBUG] [Environ] GET_VARIABLE: dolphin_netplay_lan_mode = "join"
[DEBUG] [Environ] GET_VARIABLE: dolphin_netplay_lan_mode = "join"
[DEBUG] [Environ] GET_VARIABLE: dolphin_netplay_lan_mode = "join"
[DEBUG] [Environ] GET_VARIABLE: dolphin_netplay_lan_mode = "join"
[DEBUG] [Environ] GET_VARIABLE: dolphin_netplay_lan_mode = "join"
[DEBUG] [Environ] GET_VARIABLE: dolphin_netplay_lan_mode = "join"
[DEBUG] [Environ] GET_VARIABLE: dolphin_netplay_lan_mode = "join"
[DEBUG] [Environ] GET_VARIABLE: dolphin_netplay_lan_mode = "join"
[DEBUG] [Environ] GET_VARIABLE: dolphin_netplay_lan_mode = "join"
[DEBUG] [Environ] GET_VARIABLE: dolphin_netplay_lan_mode = "join"
[DEBUG] [Environ] GET_VARIABLE: dolphin_netplay_lan_mode = "join"
[DEBUG] [Environ] GET_VARIABLE: dolphin_netplay_lan_mode = "join"
[DEBUG] [Environ] GET_VARIABLE: dolphin_netplay_lan_mode = "join"
[DEBUG] [Environ] GET_VARIABLE: dolphin_netplay_lan_mode = "join"
[DEBUG] [Environ] GET_VARIABLE: dolphin_netplay_lan_mode = "join"
[DEBUG] [Environ] GET_VARIABLE: dolphin_netplay_lan_mode = "join"
[DEBUG] [Environ] GET_VARIABLE: dolphin_netplay_lan_mode = "join"
[DEBUG] [Environ] GET_VARIABLE: dolphin_netplay_lan_mode = "join"
[DEBUG] [Environ] GET_VARIABLE: dolphin_netplay_lan_mode = "join"
[DEBUG] [Environ] GET_VARIABLE: dolphin_netplay_lan_mode = "join"
[DEBUG] [Environ] GET_VARIABLE: dolphin_netplay_lan_mode = "join"
[DEBUG] [Environ] GET_VARIABLE: dolphin_netplay_lan_mode = "join"
[DEBUG] [Environ] GET_VARIABLE: dolphin_netplay_lan_mode = "join"
[DEBUG] [Environ] GET_VARIABLE: dolphin_netplay_lan_mode = "join"
[DEBUG] [Environ] GET_VARIABLE: dolphin_netplay_lan_mode = "join"
[DEBUG] [Environ] GET_VARIABLE: dolphin_netplay_lan_mode = "join"
[DEBUG] [Environ] GET_VARIABLE: dolphin_netplay_lan_mode = "join"
[DEBUG] [Environ] GET_VARIABLE: dolphin_netplay_lan_mode = "join"
[DEBUG] [Environ] GET_VARIABLE: dolphin_netplay_lan_mode = "join"
[DEBUG] [Environ] GET_VARIABLE: dolphin_netplay_lan_mode = "join"
[DEBUG] [Environ] GET_VARIABLE: dolphin_netplay_lan_mode = "join"
[DEBUG] [Environ] GET_VARIABLE: dolphin_netplay_lan_mode = "join"
[DEBUG] [Environ] GET_VARIABLE: dolphin_netplay_lan_mode = "join"
[DEBUG] [Environ] GET_VARIABLE: dolphin_netplay_lan_mode = "join"
[DEBUG] [Environ] GET_VARIABLE: dolphin_netplay_lan_mode = "join"
[DEBUG] [Environ] GET_VARIABLE: dolphin_netplay_lan_mode = "join"
[DEBUG] [Environ] GET_VARIABLE: dolphin_netplay_lan_mode = "join"
[DEBUG] [Environ] GET_VARIABLE: dolphin_netplay_lan_mode = "join"
[DEBUG] [Environ] GET_VARIABLE: dolphin_netplay_lan_mode = "join"
[DEBUG] [Environ] GET_VARIABLE: dolphin_netplay_lan_mode = "join"
[DEBUG] [Environ] GET_VARIABLE: dolphin_netplay_lan_mode = "join"
[DEBUG] [Environ] GET_VARIABLE: dolphin_netplay_lan_mode = "join"
[DEBUG] [Environ] GET_VARIABLE: dolphin_netplay_lan_mode = "join"
[DEBUG] [Environ] GET_VARIABLE: dolphin_netplay_lan_mode = "join"
[DEBUG] [Environ] GET_VARIABLE: dolphin_netplay_lan_mode = "join"
[DEBUG] [Environ] GET_VARIABLE: dolphin_netplay_lan_mode = "join"
[DEBUG] [Environ] GET_VARIABLE: dolphin_netplay_lan_mode = "join"
[DEBUG] [Environ] GET_VARIABLE: dolphin_netplay_lan_mode = "join"
[DEBUG] [Environ] GET_VARIABLE: dolphin_netplay_lan_mode = "join"
[DEBUG] [Environ] GET_VARIABLE: dolphin_netplay_lan_mode = "join"
[DEBUG] [Environ] GET_VARIABLE: dolphin_netplay_lan_mode = "join"
[DEBUG] [Environ] GET_VARIABLE: dolphin_netplay_lan_mode = "join"
[DEBUG] [Environ] GET_VARIABLE: dolphin_netplay_lan_mode = "join"
[DEBUG] [Environ] GET_VARIABLE: dolphin_netplay_lan_mode = "join"
[DEBUG] [Environ] GET_VARIABLE: dolphin_netplay_lan_mode = "join"
[DEBUG] [Environ] GET_VARIABLE: dolphin_netplay_lan_mode = "join"
[DEBUG] [Environ] GET_VARIABLE: dolphin_netplay_lan_mode = "join"
[DEBUG] [Environ] GET_VARIABLE: dolphin_netplay_lan_mode = "join"
[DEBUG] [Environ] GET_VARIABLE: dolphin_netplay_lan_mode = "join"
[DEBUG] [Environ] GET_VARIABLE: dolphin_netplay_lan_mode = "join"
[DEBUG] [Environ] GET_VARIABLE: dolphin_netplay_lan_mode = "join"
[DEBUG] [Environ] GET_VARIABLE: dolphin_netplay_lan_mode = "join"
[DEBUG] [Environ] GET_VARIABLE: dolphin_netplay_lan_mode = "join"
[DEBUG] [Environ] GET_VARIABLE: dolphin_netplay_lan_mode = "join"
[DEBUG] [Environ] GET_VARIABLE: dolphin_netplay_lan_mode = "join"
[DEBUG] [Environ] GET_VARIABLE: dolphin_netplay_lan_mode = "join"
[DEBUG] [Environ] GET_VARIABLE: dolphin_netplay_lan_mode = "join"
[DEBUG] [Environ] GET_VARIABLE: dolphin_netplay_lan_mode = "join"
[DEBUG] [Environ] GET_VARIABLE: dolphin_netplay_lan_mode = "join"
[DEBUG] [Environ] GET_VARIABLE: dolphin_netplay_lan_mode = "join"
[DEBUG] [Environ] GET_VARIABLE: dolphin_netplay_lan_mode = "join"
[DEBUG] [Environ] GET_VARIABLE: dolphin_netplay_lan_mode = "join"
[DEBUG] [Environ] GET_VARIABLE: dolphin_netplay_lan_mode = "join"
[DEBUG] [Environ] GET_VARIABLE: dolphin_netplay_lan_mode = "join"
[DEBUG] [Environ] GET_VARIABLE: dolphin_netplay_lan_mode = "join"
[DEBUG] [Environ] GET_VARIABLE: dolphin_netplay_lan_mode = "join"
[DEBUG] [Environ] GET_VARIABLE: dolphin_netplay_lan_mode = "join"
[DEBUG] [Environ] GET_VARIABLE: dolphin_netplay_lan_mode = "join"
[DEBUG] [Environ] GET_VARIABLE: dolphin_netplay_lan_mode = "join"
[DEBUG] [Environ] GET_VARIABLE: dolphin_netplay_lan_mode = "join"
[DEBUG] [Environ] GET_VARIABLE: dolphin_netplay_lan_mode = "join"
[DEBUG] [Environ] GET_VARIABLE: dolphin_netplay_lan_mode = "join"
[DEBUG] [Environ] GET_VARIABLE: dolphin_netplay_lan_mode = "join"
[DEBUG] [Environ] GET_VARIABLE: dolphin_netplay_lan_mode = "join"
[DEBUG] [Environ] GET_VARIABLE: dolphin_netplay_lan_mode = "join"
[DEBUG] [Environ] GET_VARIABLE: dolphin_netplay_lan_mode = "join"
[DEBUG] [Environ] GET_VARIABLE: dolphin_netplay_lan_mode = "join"
[DEBUG] [Environ] GET_VARIABLE: dolphin_netplay_lan_mode = "join"
[DEBUG] [Environ] GET_VARIABLE: dolphin_netplay_lan_mode = "join"
[DEBUG] [Environ] GET_VARIABLE: dolphin_netplay_lan_mode = "join"
[DEBUG] [Environ] GET_VARIABLE: dolphin_netplay_lan_mode = "join"
[DEBUG] [Environ] GET_VARIABLE: dolphin_netplay_lan_mode = "join"
[DEBUG] [Environ] GET_VARIABLE: dolphin_netplay_lan_mode = "join"
[DEBUG] [Environ] GET_VARIABLE: dolphin_netplay_lan_mode = "join"
[DEBUG] [Environ] GET_VARIABLE: dolphin_netplay_lan_mode = "join"
[DEBUG] [Environ] GET_VARIABLE: dolphin_netplay_lan_mode = "join"
[DEBUG] [Environ] GET_VARIABLE: dolphin_netplay_lan_mode = "join"
[DEBUG] [Environ] GET_VARIABLE: dolphin_netplay_lan_mode = "join"
[DEBUG] [Environ] GET_VARIABLE: dolphin_netplay_lan_mode = "join"
[DEBUG] [Environ] GET_VARIABLE: dolphin_netplay_lan_mode = "join"
[DEBUG] [Environ] GET_VARIABLE: dolphin_netplay_lan_mode = "join"
[DEBUG] [Environ] GET_VARIABLE: dolphin_netplay_lan_mode = "join"
[DEBUG] [Environ] GET_VARIABLE: dolphin_netplay_lan_mode = "join"
[DEBUG] [Environ] GET_VARIABLE: dolphin_netplay_lan_mode = "join"
[DEBUG] [Environ] GET_VARIABLE: dolphin_netplay_lan_mode = "join"
[DEBUG] [Environ] GET_VARIABLE: dolphin_netplay_lan_mode = "join"
[DEBUG] [Environ] GET_VARIABLE: dolphin_netplay_lan_mode = "join"
[DEBUG] [Environ] GET_VARIABLE: dolphin_netplay_lan_mode = "join"
[DEBUG] [Environ] GET_VARIABLE: dolphin_netplay_lan_mode = "join"
[DEBUG] [Environ] GET_VARIABLE: dolphin_netplay_lan_mode = "join"
[DEBUG] [Environ] GET_VARIABLE: dolphin_netplay_lan_mode = "join"
[DEBUG] [Environ] GET_VARIABLE: dolphin_netplay_lan_mode = "join"
[DEBUG] [Environ] GET_VARIABLE: dolphin_netplay_lan_mode = "join"
[DEBUG] [Environ] GET_VARIABLE: dolphin_netplay_lan_mode = "join"
[DEBUG] [Environ] GET_VARIABLE: dolphin_netplay_lan_mode = "join"
[DEBUG] [Environ] GET_VARIABLE: dolphin_netplay_lan_mode = "join"
[DEBUG] [Environ] GET_VARIABLE: dolphin_netplay_lan_mode = "join"
[DEBUG] [Environ] GET_VARIABLE: dolphin_netplay_lan_mode = "join"
[DEBUG] [Environ] GET_VARIABLE: dolphin_netplay_lan_mode = "join"
[DEBUG] [Environ] GET_VARIABLE: dolphin_netplay_lan_mode = "join"
[DEBUG] [Environ] GET_VARIABLE: dolphin_netplay_lan_mode = "join"
[DEBUG] [Environ] GET_VARIABLE: dolphin_netplay_lan_mode = "join"
[DEBUG] [Environ] GET_VARIABLE: dolphin_netplay_lan_mode = "join"
[DEBUG] [Environ] GET_VARIABLE: dolphin_netplay_lan_mode = "join"
[DEBUG] [Environ] GET_VARIABLE: dolphin_netplay_lan_mode = "join"
[DEBUG] [Environ] GET_VARIABLE: dolphin_netplay_lan_mode = "join"
[DEBUG] [Environ] GET_VARIABLE: dolphin_netplay_lan_mode = "join"
[DEBUG] [Environ] GET_VARIABLE: dolphin_netplay_lan_mode = "join"
[DEBUG] [Environ] GET_VARIABLE: dolphin_netplay_lan_mode = "join"
[DEBUG] [Environ] GET_VARIABLE: dolphin_netplay_lan_mode = "join"
[DEBUG] [Environ] GET_VARIABLE: dolphin_netplay_lan_mode = "join"
[DEBUG] [Environ] GET_VARIABLE: dolphin_netplay_lan_mode = "join"
[DEBUG] [Environ] GET_VARIABLE: dolphin_netplay_lan_mode = "join"
[DEBUG] [Environ] GET_VARIABLE: dolphin_netplay_lan_mode = "join"
[DEBUG] [Environ] GET_VARIABLE: dolphin_netplay_lan_mode = "join"
[DEBUG] [Environ] GET_VARIABLE: dolphin_netplay_lan_mode = "join"
[DEBUG] [Environ] GET_VARIABLE: dolphin_netplay_lan_mode = "join"
[DEBUG] [Environ] GET_VARIABLE: dolphin_netplay_lan_mode = "join"
[DEBUG] [Environ] GET_VARIABLE: dolphin_netplay_lan_mode = "join"
[DEBUG] [Environ] GET_VARIABLE: dolphin_netplay_lan_mode = "join"
[DEBUG] [Environ] GET_VARIABLE: dolphin_netplay_lan_mode = "join"
[DEBUG] [Environ] GET_VARIABLE: dolphin_netplay_lan_mode = "join"
[DEBUG] [Environ] GET_VARIABLE: dolphin_netplay_lan_mode = "join"
[DEBUG] [Environ] GET_VARIABLE: dolphin_netplay_lan_mode = "join"
[DEBUG] [Environ] GET_VARIABLE: dolphin_netplay_lan_mode = "join"
[DEBUG] [Environ] GET_VARIABLE: dolphin_netplay_lan_mode = "join"
[DEBUG] [Environ] GET_VARIABLE: dolphin_netplay_lan_mode = "join"
[DEBUG] [Environ] GET_VARIABLE: dolphin_netplay_lan_mode = "join"
[DEBUG] [Environ] GET_VARIABLE: dolphin_netplay_lan_mode = "join"
[DEBUG] [Environ] GET_VARIABLE: dolphin_netplay_lan_mode = "join"
[DEBUG] [Environ] GET_VARIABLE: dolphin_netplay_lan_mode = "join"
[DEBUG] [Environ] GET_VARIABLE: dolphin_netplay_lan_mode = "join"
[DEBUG] [Environ] GET_VARIABLE: dolphin_netplay_lan_mode = "join"
[DEBUG] [Environ] GET_VARIABLE: dolphin_netplay_lan_mode = "join"
[DEBUG] [Environ] GET_VARIABLE: dolphin_netplay_lan_mode = "join"
[DEBUG] [Environ] GET_VARIABLE: dolphin_netplay_lan_mode = "join"
[DEBUG] [Environ] GET_VARIABLE: dolphin_netplay_lan_mode = "join"
[DEBUG] [Environ] GET_VARIABLE: dolphin_netplay_lan_mode = "join"
[DEBUG] [Environ] GET_VARIABLE: dolphin_netplay_lan_mode = "join"
[DEBUG] [Environ] GET_VARIABLE: dolphin_netplay_lan_mode = "join"
[DEBUG] [Environ] GET_VARIABLE: dolphin_netplay_lan_mode = "join"
[DEBUG] [Environ] GET_VARIABLE: dolphin_netplay_lan_mode = "join"
[DEBUG] [Environ] GET_VARIABLE: dolphin_netplay_lan_mode = "join"
[DEBUG] [Environ] GET_VARIABLE: dolphin_netplay_lan_mode = "join"
[DEBUG] [Environ] GET_VARIABLE: dolphin_netplay_lan_mode = "join"
[DEBUG] [Environ] GET_VARIABLE: dolphin_netplay_lan_mode = "join"
[DEBUG] [Environ] GET_VARIABLE: dolphin_netplay_lan_mode = "join"
[DEBUG] [Environ] GET_VARIABLE: dolphin_netplay_lan_mode = "join"
[DEBUG] [Environ] GET_VARIABLE: dolphin_netplay_lan_mode = "join"
[DEBUG] [Environ] GET_VARIABLE: dolphin_netplay_lan_mode = "join"
[DEBUG] [Environ] GET_VARIABLE: dolphin_netplay_lan_mode = "join"
[DEBUG] [Environ] GET_VARIABLE: dolphin_netplay_lan_mode = "join"
[DEBUG] [Environ] GET_VARIABLE: dolphin_netplay_lan_mode = "join"
[DEBUG] [Environ] GET_VARIABLE: dolphin_netplay_lan_mode = "join"
[DEBUG] [Environ] GET_VARIABLE: dolphin_netplay_lan_mode = "join"
[DEBUG] [Environ] GET_VARIABLE: dolphin_netplay_lan_mode = "join"
[DEBUG] [Environ] GET_VARIABLE: dolphin_netplay_lan_mode = "join"
[DEBUG] [Environ] GET_VARIABLE: dolphin_netplay_lan_mode = "join"
[DEBUG] [Environ] GET_VARIABLE: dolphin_netplay_lan_mode = "join"
[DEBUG] [Environ] GET_VARIABLE: dolphin_netplay_lan_mode = "join"
[DEBUG] [Environ] GET_VARIABLE: dolphin_netplay_lan_mode = "join"
[DEBUG] [Environ] GET_VARIABLE: dolphin_netplay_lan_mode = "join"
[DEBUG] [Environ] GET_VARIABLE: dolphin_netplay_lan_mode = "join"
[DEBUG] [Environ] GET_VARIABLE: dolphin_netplay_lan_mode = "join"
[DEBUG] [Environ] GET_VARIABLE: dolphin_netplay_lan_mode = "join"
[DEBUG] [Environ] GET_VARIABLE: dolphin_netplay_lan_mode = "join"
[DEBUG] [Environ] GET_VARIABLE: dolphin_netplay_lan_mode = "join"
[DEBUG] [Environ] GET_VARIABLE: dolphin_netplay_lan_mode = "join"
[DEBUG] [Environ] GET_VARIABLE: dolphin_netplay_lan_mode = "join"
[DEBUG] [Environ] GET_VARIABLE: dolphin_netplay_lan_mode = "join"
[DEBUG] [Environ] GET_VARIABLE: dolphin_netplay_lan_mode = "join"
[DEBUG] [Environ] GET_VARIABLE: dolphin_netplay_lan_mode = "join"
[DEBUG] [Environ] GET_VARIABLE: dolphin_netplay_lan_mode = "join"
[DEBUG] [Environ] GET_VARIABLE: dolphin_netplay_lan_mode = "join"
[DEBUG] [Environ] GET_VARIABLE: dolphin_netplay_lan_mode = "join"
[DEBUG] [Environ] GET_VARIABLE: dolphin_netplay_lan_mode = "join"
[DEBUG] [Environ] GET_VARIABLE: dolphin_netplay_lan_mode = "join"
[DEBUG] [Environ] GET_VARIABLE: dolphin_netplay_lan_mode = "join"
[DEBUG] [Environ] GET_VARIABLE: dolphin_netplay_lan_mode = "join"
[DEBUG] [Environ] GET_VARIABLE: dolphin_netplay_lan_mode = "join"
[DEBUG] [Environ] GET_VARIABLE: dolphin_netplay_lan_mode = "join"
[DEBUG] [Environ] GET_VARIABLE: dolphin_netplay_lan_mode = "join"
[DEBUG] [Environ] GET_VARIABLE: dolphin_netplay_lan_mode = "join"
[DEBUG] [Environ] GET_VARIABLE: dolphin_netplay_lan_mode = "join"
[DEBUG] [Environ] GET_VARIABLE: dolphin_netplay_lan_mode = "join"
[DEBUG] [Environ] GET_VARIABLE: dolphin_netplay_lan_mode = "join"
[DEBUG] [Environ] GET_VARIABLE: dolphin_netplay_lan_mode = "join"
[DEBUG] [Environ] GET_VARIABLE: dolphin_netplay_lan_mode = "join"
[DEBUG] [Environ] GET_VARIABLE: dolphin_netplay_lan_mode = "join"
[DEBUG] [Environ] GET_VARIABLE: dolphin_netplay_lan_mode = "join"
[DEBUG] [Environ] GET_VARIABLE: dolphin_netplay_lan_mode = "join"
[DEBUG] [Environ] GET_VARIABLE: dolphin_netplay_lan_mode = "join"
[DEBUG] [Environ] GET_VARIABLE: dolphin_netplay_lan_mode = "join"
[DEBUG] [Environ] GET_VARIABLE: dolphin_netplay_lan_mode = "join"
[DEBUG] [Environ] GET_VARIABLE: dolphin_netplay_lan_mode = "join"
[DEBUG] [Environ] GET_VARIABLE: dolphin_netplay_lan_mode = "join"
[DEBUG] [Environ] GET_VARIABLE: dolphin_netplay_lan_mode = "join"
[DEBUG] [Environ] GET_VARIABLE: dolphin_netplay_lan_mode = "join"
[DEBUG] [Environ] GET_VARIABLE: dolphin_netplay_lan_mode = "join"
[DEBUG] [Environ] GET_VARIABLE: dolphin_netplay_lan_mode = "join"
[DEBUG] [Environ] GET_VARIABLE: dolphin_netplay_lan_mode = "join"
[DEBUG] [Environ] GET_VARIABLE: dolphin_netplay_lan_mode = "join"
[DEBUG] [Environ] GET_VARIABLE: dolphin_netplay_lan_mode = "join"
[DEBUG] [Environ] GET_VARIABLE: dolphin_netplay_lan_mode = "join"
[DEBUG] [Environ] GET_VARIABLE: dolphin_netplay_lan_mode = "join"
[DEBUG] [Environ] GET_VARIABLE: dolphin_netplay_lan_mode = "join"
[DEBUG] [Environ] GET_VARIABLE: dolphin_netplay_lan_mode = "join"
[DEBUG] [Environ] GET_VARIABLE: dolphin_netplay_lan_mode = "join"
[DEBUG] [Environ] GET_VARIABLE: dolphin_netplay_lan_mode = "join"
[DEBUG] [Environ] GET_VARIABLE: dolphin_netplay_lan_mode = "join"
[DEBUG] [Environ] GET_VARIABLE: dolphin_netplay_lan_mode = "join"
[DEBUG] [Environ] GET_VARIABLE: dolphin_netplay_lan_mode = "join"
[DEBUG] [Environ] GET_VARIABLE: dolphin_netplay_lan_mode = "join"
[DEBUG] [Environ] GET_VARIABLE: dolphin_netplay_lan_mode = "join"
[DEBUG] [Environ] GET_VARIABLE: dolphin_netplay_lan_mode = "join"
[DEBUG] [Environ] GET_VARIABLE: dolphin_netplay_lan_mode = "join"
[DEBUG] [Environ] GET_VARIABLE: dolphin_netplay_lan_mode = "join"
[DEBUG] [Environ] GET_VARIABLE: dolphin_netplay_lan_mode = "join"
[DEBUG] [Environ] GET_VARIABLE: dolphin_netplay_lan_mode = "join"
[DEBUG] [Environ] GET_VARIABLE: dolphin_netplay_lan_mode = "join"
[DEBUG] [Environ] GET_VARIABLE: dolphin_netplay_lan_mode = "join"
[DEBUG] [Environ] GET_VARIABLE: dolphin_netplay_lan_mode = "join"
[DEBUG] [Environ] GET_VARIABLE: dolphin_netplay_lan_mode = "join"
[DEBUG] [Environ] GET_VARIABLE: dolphin_netplay_lan_mode = "join"
[DEBUG] [Environ] GET_VARIABLE: dolphin_netplay_lan_mode = "join"
[DEBUG] [Environ] GET_VARIABLE: dolphin_netplay_lan_mode = "join"
[DEBUG] [Environ] GET_VARIABLE: dolphin_netplay_lan_mode = "join"
[DEBUG] [Environ] GET_VARIABLE: dolphin_netplay_lan_mode = "join"
[DEBUG] [Environ] GET_VARIABLE: dolphin_netplay_lan_mode = "join"
[DEBUG] [Environ] GET_VARIABLE: dolphin_netplay_lan_mode = "join"
[DEBUG] [Environ] GET_VARIABLE: dolphin_netplay_lan_mode = "join"
[DEBUG] [Environ] GET_VARIABLE: dolphin_netplay_lan_mode = "join"
[DEBUG] [Environ] GET_VARIABLE: dolphin_netplay_lan_mode = "join"
[DEBUG] [Environ] GET_VARIABLE: dolphin_netplay_lan_mode = "join"
[DEBUG] [Environ] GET_VARIABLE: dolphin_netplay_lan_mode = "join"
[DEBUG] [Environ] GET_VARIABLE: dolphin_netplay_lan_mode = "join"
[DEBUG] [Environ] GET_VARIABLE: dolphin_netplay_lan_mode = "join"
[DEBUG] [Environ] GET_VARIABLE: dolphin_netplay_lan_mode = "join"
[DEBUG] [Environ] GET_VARIABLE: dolphin_netplay_lan_mode = "join"
[DEBUG] [Environ] GET_VARIABLE: dolphin_netplay_lan_mode = "join"
[DEBUG] [Environ] GET_VARIABLE: dolphin_netplay_lan_mode = "join"
[DEBUG] [Environ] GET_VARIABLE: dolphin_netplay_lan_mode = "join"
[DEBUG] [Environ] GET_VARIABLE: dolphin_netplay_lan_mode = "join"
[DEBUG] [Environ] GET_VARIABLE: dolphin_netplay_lan_mode = "join"
[DEBUG] [Environ] GET_VARIABLE: dolphin_netplay_lan_mode = "join"
[DEBUG] [Environ] GET_VARIABLE: dolphin_netplay_lan_mode = "join"
[DEBUG] [Environ] GET_VARIABLE: dolphin_netplay_lan_mode = "join"
[DEBUG] [Environ] GET_VARIABLE: dolphin_netplay_lan_mode = "join"
[DEBUG] [Environ] GET_VARIABLE: dolphin_netplay_lan_mode = "join"
[DEBUG] [Environ] GET_VARIABLE: dolphin_netplay_lan_mode = "join"
[DEBUG] [Environ] GET_VARIABLE: dolphin_netplay_lan_mode = "join"
[DEBUG] [Environ] GET_VARIABLE: dolphin_netplay_lan_mode = "join"
[DEBUG] [Environ] GET_VARIABLE: dolphin_netplay_lan_mode = "join"
[DEBUG] [Environ] GET_VARIABLE: dolphin_netplay_lan_mode = "join"
[DEBUG] [Environ] GET_VARIABLE: dolphin_netplay_lan_mode = "join"
[DEBUG] [Environ] GET_VARIABLE: dolphin_netplay_lan_mode = "join"
[DEBUG] [Environ] GET_VARIABLE: dolphin_netplay_lan_mode = "join"
[DEBUG] [Environ] GET_VARIABLE: dolphin_netplay_lan_mode = "join"
[DEBUG] [Environ] GET_VARIABLE: dolphin_netplay_lan_mode = "join"
[DEBUG] [Environ] GET_VARIABLE: dolphin_netplay_lan_mode = "join"
[DEBUG] [Environ] GET_VARIABLE: dolphin_netplay_lan_mode = "join"
[DEBUG] [Environ] GET_VARIABLE: dolphin_netplay_lan_mode = "join"
[DEBUG] [Environ] GET_VARIABLE: dolphin_netplay_lan_mode = "join"
[DEBUG] [Environ] GET_VARIABLE: dolphin_netplay_lan_mode = "join"
[DEBUG] [Environ] GET_VARIABLE: dolphin_netplay_lan_mode = "join"
[DEBUG] [Environ] GET_VARIABLE: dolphin_netplay_lan_mode = "join"
[DEBUG] [Environ] GET_VARIABLE: dolphin_netplay_lan_mode = "join"
[DEBUG] [Environ] GET_VARIABLE: dolphin_netplay_lan_mode = "join"
[DEBUG] [Environ] GET_VARIABLE: dolphin_netplay_lan_mode = "join"
[DEBUG] [Environ] GET_VARIABLE: dolphin_netplay_lan_mode = "join"
[DEBUG] [Environ] GET_VARIABLE: dolphin_netplay_lan_mode = "join"
[DEBUG] [Environ] GET_VARIABLE: dolphin_netplay_lan_mode = "join"
[DEBUG] [Environ] GET_VARIABLE: dolphin_netplay_lan_mode = "join"
[DEBUG] [Environ] GET_VARIABLE: dolphin_netplay_lan_mode = "join"
[DEBUG] [Environ] GET_VARIABLE: dolphin_netplay_lan_mode = "join"
[DEBUG] [Environ] GET_VARIABLE: dolphin_netplay_lan_mode = "join"
[DEBUG] [Environ] GET_VARIABLE: dolphin_netplay_lan_mode = "join"
[DEBUG] [Environ] GET_VARIABLE: dolphin_netplay_lan_mode = "join"
[DEBUG] [Environ] GET_VARIABLE: dolphin_netplay_lan_mode = "join"
[DEBUG] [Environ] GET_VARIABLE: dolphin_netplay_lan_mode = "join"
[DEBUG] [Environ] GET_VARIABLE: dolphin_netplay_lan_mode = "join"
[DEBUG] [Environ] GET_VARIABLE: dolphin_netplay_lan_mode = "join"
[DEBUG] [Environ] GET_VARIABLE: dolphin_netplay_lan_mode = "join"
[DEBUG] [Environ] GET_VARIABLE: dolphin_netplay_lan_mode = "join"
[DEBUG] [Environ] GET_VARIABLE: dolphin_netplay_lan_mode = "join"
[DEBUG] [Environ] GET_VARIABLE: dolphin_netplay_lan_mode = "join"
[DEBUG] [Environ] GET_VARIABLE: dolphin_netplay_lan_mode = "join"
[DEBUG] [Environ] GET_VARIABLE: dolphin_netplay_lan_mode = "join"
[DEBUG] [Environ] GET_VARIABLE: dolphin_netplay_lan_mode = "join"
[DEBUG] [Environ] GET_VARIABLE: dolphin_netplay_lan_mode = "join"
[DEBUG] [Environ] GET_VARIABLE: dolphin_netplay_lan_mode = "join"
[DEBUG] [Environ] GET_VARIABLE: dolphin_netplay_lan_mode = "join"
[DEBUG] [Environ] GET_VARIABLE: dolphin_netplay_lan_mode = "join"
[DEBUG] [Environ] GET_VARIABLE: dolphin_netplay_lan_mode = "join"
[DEBUG] [Environ] GET_VARIABLE: dolphin_netplay_lan_mode = "join"
[DEBUG] [Environ] GET_VARIABLE: dolphin_netplay_lan_mode = "join"
[DEBUG] [Environ] GET_VARIABLE: dolphin_netplay_lan_mode = "join"
[DEBUG] [Environ] GET_VARIABLE: dolphin_netplay_lan_mode = "join"
[DEBUG] [Environ] GET_VARIABLE: dolphin_netplay_lan_mode = "join"
[DEBUG] [Environ] GET_VARIABLE: dolphin_netplay_lan_mode = "join"
[DEBUG] [Environ] GET_VARIABLE: dolphin_netplay_lan_mode = "join"
[DEBUG] [Environ] GET_VARIABLE: dolphin_netplay_lan_mode = "join"
[DEBUG] [Environ] GET_VARIABLE: dolphin_netplay_lan_mode = "join"
[DEBUG] [Environ] GET_VARIABLE: dolphin_netplay_lan_mode = "join"
[DEBUG] [Environ] GET_VARIABLE: dolphin_netplay_lan_mode = "join"
[DEBUG] [Environ] GET_VARIABLE: dolphin_netplay_lan_mode = "join"
[DEBUG] [Environ] GET_VARIABLE: dolphin_netplay_lan_mode = "join"
[DEBUG] [Environ] GET_VARIABLE: dolphin_netplay_lan_mode = "join"
[DEBUG] [Environ] GET_VARIABLE: dolphin_netplay_lan_mode = "join"
[DEBUG] [Environ] GET_VARIABLE: dolphin_netplay_lan_mode = "join"
[DEBUG] [Environ] GET_VARIABLE: dolphin_netplay_lan_mode = "join"
[DEBUG] [Environ] GET_VARIABLE: dolphin_netplay_lan_mode = "join"
[DEBUG] [Environ] GET_VARIABLE: dolphin_netplay_lan_mode = "join"
[DEBUG] [Environ] GET_VARIABLE: dolphin_netplay_lan_mode = "join"
[DEBUG] [Environ] GET_VARIABLE: dolphin_netplay_lan_mode = "join"
[DEBUG] [Environ] GET_VARIABLE: dolphin_netplay_lan_mode = "join"
[DEBUG] [Environ] GET_VARIABLE: dolphin_netplay_lan_mode = "join"
[DEBUG] [Environ] GET_VARIABLE: dolphin_netplay_lan_mode = "join"
[DEBUG] [Environ] GET_VARIABLE: dolphin_netplay_lan_mode = "join"
[DEBUG] [Environ] GET_VARIABLE: dolphin_netplay_lan_mode = "join"
[DEBUG] [Environ] GET_VARIABLE: dolphin_netplay_lan_mode = "join"
[DEBUG] [Environ] GET_VARIABLE: dolphin_netplay_lan_mode = "join"
[DEBUG] [Environ] GET_VARIABLE: dolphin_netplay_lan_mode = "join"
[DEBUG] [Environ] GET_VARIABLE: dolphin_netplay_lan_mode = "join"
[DEBUG] [Environ] GET_VARIABLE: dolphin_netplay_lan_mode = "join"
[DEBUG] [Environ] GET_VARIABLE: dolphin_netplay_lan_mode = "join"
[DEBUG] [Environ] GET_VARIABLE: dolphin_netplay_lan_mode = "join"
[DEBUG] [Environ] GET_VARIABLE: dolphin_netplay_lan_mode = "join"
[DEBUG] [Environ] GET_VARIABLE: dolphin_netplay_lan_mode = "join"
[DEBUG] [Environ] GET_VARIABLE: dolphin_netplay_lan_mode = "join"
[DEBUG] [Environ] GET_VARIABLE: dolphin_netplay_lan_mode = "join"
[DEBUG] [Environ] GET_VARIABLE: dolphin_netplay_lan_mode = "join"
[DEBUG] [Environ] GET_VARIABLE: dolphin_netplay_lan_mode = "join"
[DEBUG] [Environ] GET_VARIABLE: dolphin_netplay_lan_mode = "join"
[DEBUG] [Environ] GET_VARIABLE: dolphin_netplay_lan_mode = "join"
[DEBUG] [Environ] GET_VARIABLE: dolphin_netplay_lan_mode = "join"
[DEBUG] [Environ] GET_VARIABLE: dolphin_netplay_lan_mode = "join"
[DEBUG] [Environ] GET_VARIABLE: dolphin_netplay_lan_mode = "join"
[DEBUG] [Environ] GET_VARIABLE: dolphin_netplay_lan_mode = "join"
[DEBUG] [Environ] GET_VARIABLE: dolphin_netplay_lan_mode = "join"
[DEBUG] [Environ] GET_VARIABLE: dolphin_netplay_lan_mode = "join"
[DEBUG] [Environ] GET_VARIABLE: dolphin_netplay_lan_mode = "join"
[DEBUG] [Environ] GET_VARIABLE: dolphin_netplay_lan_mode = "join"
[DEBUG] [Environ] GET_VARIABLE: dolphin_netplay_lan_mode = "join"
[DEBUG] [Environ] GET_VARIABLE: dolphin_netplay_lan_mode = "join"
[DEBUG] [Environ] GET_VARIABLE: dolphin_netplay_lan_mode = "join"
[DEBUG] [Environ] GET_VARIABLE: dolphin_netplay_lan_mode = "join"
[DEBUG] [Environ] GET_VARIABLE: dolphin_netplay_lan_mode = "join"
[DEBUG] [Environ] GET_VARIABLE: dolphin_netplay_lan_mode = "join"
[DEBUG] [Environ] GET_VARIABLE: dolphin_netplay_lan_mode = "join"
[DEBUG] [Environ] GET_VARIABLE: dolphin_netplay_lan_mode = "join"
[DEBUG] [Environ] GET_VARIABLE: dolphin_netplay_lan_mode = "join"
[DEBUG] [Environ] GET_VARIABLE: dolphin_netplay_lan_mode = "join"
[DEBUG] [Environ] GET_VARIABLE: dolphin_netplay_lan_mode = "join"
[DEBUG] [Environ] GET_VARIABLE: dolphin_netplay_lan_mode = "join"
[DEBUG] [Environ] GET_VARIABLE: dolphin_netplay_lan_mode = "join"
[DEBUG] [Environ] GET_VARIABLE: dolphin_netplay_lan_mode = "join"
[DEBUG] [Environ] GET_VARIABLE: dolphin_netplay_lan_mode = "join"
[DEBUG] [Environ] GET_VARIABLE: dolphin_netplay_lan_mode = "join"
[DEBUG] [Environ] GET_VARIABLE: dolphin_netplay_lan_mode = "join"
[DEBUG] [Environ] GET_VARIABLE: dolphin_netplay_lan_mode = "join"
[DEBUG] [Environ] GET_VARIABLE: dolphin_netplay_lan_mode = "join"
[DEBUG] [Environ] GET_VARIABLE: dolphin_netplay_lan_mode = "join"
[DEBUG] [Environ] GET_VARIABLE: dolphin_netplay_lan_mode = "join"
[DEBUG] [Environ] GET_VARIABLE: dolphin_netplay_lan_mode = "join"
[DEBUG] [Environ] GET_VARIABLE: dolphin_netplay_lan_mode = "join"
[DEBUG] [Environ] GET_VARIABLE: dolphin_netplay_lan_mode = "join"
[DEBUG] [Environ] GET_VARIABLE: dolphin_netplay_lan_mode = "join"
[DEBUG] [Environ] GET_VARIABLE: dolphin_netplay_lan_mode = "join"
[DEBUG] [Environ] GET_VARIABLE: dolphin_netplay_lan_mode = "join"
[DEBUG] [Environ] GET_VARIABLE: dolphin_netplay_lan_mode = "join"
[DEBUG] [Environ] GET_VARIABLE: dolphin_netplay_lan_mode = "join"
[DEBUG] [Environ] GET_VARIABLE: dolphin_netplay_lan_mode = "join"
[DEBUG] [Environ] GET_VARIABLE: dolphin_netplay_lan_mode = "join"
[DEBUG] [Environ] GET_VARIABLE: dolphin_netplay_lan_mode = "join"
[DEBUG] [Environ] GET_VARIABLE: dolphin_netplay_lan_mode = "join"
[DEBUG] [Environ] GET_VARIABLE: dolphin_netplay_lan_mode = "join"
[DEBUG] [Environ] GET_VARIABLE: dolphin_netplay_lan_mode = "join"
[DEBUG] [Environ] GET_VARIABLE: dolphin_netplay_lan_mode = "join"
[DEBUG] [Environ] GET_VARIABLE: dolphin_netplay_lan_mode = "join"
[DEBUG] [Environ] GET_VARIABLE: dolphin_netplay_lan_mode = "join"
[DEBUG] [Environ] GET_VARIABLE: dolphin_netplay_lan_mode = "join"
[DEBUG] [Environ] GET_VARIABLE: dolphin_netplay_lan_mode = "join"
[DEBUG] [Environ] GET_VARIABLE: dolphin_netplay_lan_mode = "join"
[DEBUG] [Environ] GET_VARIABLE: dolphin_netplay_lan_mode = "join"
[DEBUG] [Environ] GET_VARIABLE: dolphin_netplay_lan_mode = "join"
[DEBUG] [Environ] GET_VARIABLE: dolphin_netplay_lan_mode = "join"
[DEBUG] [Environ] GET_VARIABLE: dolphin_netplay_lan_mode = "join"
[DEBUG] [Environ] GET_VARIABLE: dolphin_netplay_lan_mode = "join"
[DEBUG] [Environ] GET_VARIABLE: dolphin_netplay_lan_mode = "join"
[DEBUG] [Environ] GET_VARIABLE: dolphin_netplay_lan_mode = "join"
[DEBUG] [Environ] GET_VARIABLE: dolphin_netplay_lan_mode = "join"
[DEBUG] [Environ] GET_VARIABLE: dolphin_netplay_lan_mode = "join"
[DEBUG] [Environ] GET_VARIABLE: dolphin_netplay_lan_mode = "join"
[DEBUG] [Environ] GET_VARIABLE: dolphin_netplay_lan_mode = "join"
[DEBUG] [Environ] GET_VARIABLE: dolphin_netplay_lan_mode = "join"
[DEBUG] [Environ] GET_VARIABLE: dolphin_netplay_lan_mode = "join"
[DEBUG] [Environ] GET_VARIABLE: dolphin_netplay_lan_mode = "join"
[DEBUG] [Environ] GET_VARIABLE: dolphin_netplay_lan_mode = "join"
[DEBUG] [Environ] GET_VARIABLE: dolphin_netplay_lan_mode = "join"
[DEBUG] [Environ] GET_VARIABLE: dolphin_netplay_lan_mode = "join"
[DEBUG] [Environ] GET_VARIABLE: dolphin_netplay_lan_mode = "join"
[DEBUG] [Environ] GET_VARIABLE: dolphin_netplay_lan_mode = "join"
[DEBUG] [Environ] GET_VARIABLE: dolphin_netplay_lan_mode = "join"
[DEBUG] [Environ] GET_VARIABLE: dolphin_netplay_lan_mode = "join"
[DEBUG] [Environ] GET_VARIABLE: dolphin_netplay_lan_mode = "join"
[DEBUG] [Environ] GET_VARIABLE: dolphin_netplay_lan_mode = "join"
[DEBUG] [Environ] GET_VARIABLE: dolphin_netplay_lan_mode = "join"
[DEBUG] [Environ] GET_VARIABLE: dolphin_netplay_lan_mode = "join"
[DEBUG] [Environ] GET_VARIABLE: dolphin_netplay_lan_mode = "join"
[DEBUG] [Environ] GET_VARIABLE: dolphin_netplay_lan_mode = "join"
[DEBUG] [Environ] GET_VARIABLE: dolphin_netplay_lan_mode = "join"
[DEBUG] [Environ] GET_VARIABLE: dolphin_netplay_lan_mode = "join"
[DEBUG] [Environ] GET_VARIABLE: dolphin_netplay_lan_mode = "join"
[DEBUG] [Environ] GET_VARIABLE: dolphin_netplay_lan_mode = "join"
[DEBUG] [Environ] GET_VARIABLE: dolphin_netplay_lan_mode = "join"
[DEBUG] [Environ] GET_VARIABLE: dolphin_netplay_lan_mode = "join"
[DEBUG] [Environ] GET_VARIABLE: dolphin_netplay_lan_mode = "join"
[DEBUG] [Environ] GET_VARIABLE: dolphin_netplay_lan_mode = "join"
[DEBUG] [Environ] GET_VARIABLE: dolphin_netplay_lan_mode = "join"
[DEBUG] [Environ] GET_VARIABLE: dolphin_netplay_lan_mode = "join"
[DEBUG] [Environ] GET_VARIABLE: dolphin_netplay_lan_mode = "join"
[DEBUG] [Environ] GET_VARIABLE: dolphin_netplay_lan_mode = "join"
[DEBUG] [Environ] GET_VARIABLE: dolphin_netplay_lan_mode = "join"
[DEBUG] [Environ] GET_VARIABLE: dolphin_netplay_lan_mode = "join"
[DEBUG] [Environ] GET_VARIABLE: dolphin_netplay_lan_mode = "join"
[DEBUG] [Environ] GET_VARIABLE: dolphin_netplay_lan_mode = "join"
[DEBUG] [Environ] GET_VARIABLE: dolphin_netplay_lan_mode = "join"
[DEBUG] [Environ] GET_VARIABLE: dolphin_netplay_lan_mode = "join"
[DEBUG] [Environ] GET_VARIABLE: dolphin_netplay_lan_mode = "join"
[DEBUG] [Environ] GET_VARIABLE: dolphin_netplay_lan_mode = "join"
[DEBUG] [Environ] GET_VARIABLE: dolphin_netplay_lan_mode = "join"
[DEBUG] [Environ] GET_VARIABLE: dolphin_netplay_lan_mode = "join"
[DEBUG] [Environ] GET_VARIABLE: dolphin_netplay_lan_mode = "join"
[DEBUG] [Environ] GET_VARIABLE: dolphin_netplay_lan_mode = "join"
[DEBUG] [Environ] GET_VARIABLE: dolphin_netplay_lan_mode = "join"
[DEBUG] [Environ] GET_VARIABLE: dolphin_netplay_lan_mode = "join"
[DEBUG] [Environ] GET_VARIABLE: dolphin_netplay_lan_mode = "join"
[DEBUG] [Environ] GET_VARIABLE: dolphin_netplay_lan_mode = "join"
[DEBUG] [Environ] GET_VARIABLE: dolphin_netplay_lan_mode = "join"
[DEBUG] [Environ] GET_VARIABLE: dolphin_netplay_lan_mode = "join"
[DEBUG] [Environ] GET_VARIABLE: dolphin_netplay_lan_mode = "join"
[DEBUG] [Environ] GET_VARIABLE: dolphin_netplay_lan_mode = "join"
[DEBUG] [Environ] GET_VARIABLE: dolphin_netplay_lan_mode = "join"
[DEBUG] [Environ] GET_VARIABLE: dolphin_netplay_lan_mode = "join"
[DEBUG] [Environ] GET_VARIABLE: dolphin_netplay_lan_mode = "join"
[DEBUG] [Environ] GET_VARIABLE: dolphin_netplay_lan_mode = "join"
[DEBUG] [Environ] GET_VARIABLE: dolphin_netplay_lan_mode = "join"
[DEBUG] [Environ] GET_VARIABLE: dolphin_netplay_lan_mode = "join"
[DEBUG] [Environ] GET_VARIABLE: dolphin_netplay_lan_mode = "join"
[DEBUG] [Environ] GET_VARIABLE: dolphin_netplay_lan_mode = "join"
[DEBUG] [Environ] GET_VARIABLE: dolphin_netplay_lan_mode = "join"
[DEBUG] [Environ] GET_VARIABLE: dolphin_netplay_lan_mode = "join"
[DEBUG] [Environ] GET_VARIABLE: dolphin_netplay_lan_mode = "join"
[DEBUG] [Environ] GET_VARIABLE: dolphin_netplay_lan_mode = "join"
[DEBUG] [Environ] GET_VARIABLE: dolphin_netplay_lan_mode = "join"
[DEBUG] [Environ] GET_VARIABLE: dolphin_netplay_lan_mode = "join"
[DEBUG] [Environ] GET_VARIABLE: dolphin_netplay_lan_mode = "join"
[DEBUG] [Environ] GET_VARIABLE: dolphin_netplay_lan_mode = "join"
[DEBUG] [Environ] GET_VARIABLE: dolphin_netplay_lan_mode = "join"
[DEBUG] [Environ] GET_VARIABLE: dolphin_netplay_lan_mode = "join"
[DEBUG] [Environ] GET_VARIABLE: dolphin_netplay_lan_mode = "join"
[DEBUG] [Environ] GET_VARIABLE: dolphin_netplay_lan_mode = "join"
[DEBUG] [Environ] GET_VARIABLE: dolphin_netplay_lan_mode = "join"
[DEBUG] [Environ] GET_VARIABLE: dolphin_netplay_lan_mode = "join"
[DEBUG] [Environ] GET_VARIABLE: dolphin_netplay_lan_mode = "join"
[DEBUG] [Environ] GET_VARIABLE: dolphin_netplay_lan_mode = "join"
[DEBUG] [Environ] GET_VARIABLE: dolphin_netplay_lan_mode = "join"
[DEBUG] [Environ] GET_VARIABLE: dolphin_netplay_lan_mode = "join"
[DEBUG] [Environ] GET_VARIABLE: dolphin_netplay_lan_mode = "join"
[DEBUG] [Environ] GET_VARIABLE: dolphin_netplay_lan_mode = "join"
[DEBUG] [Environ] GET_VARIABLE: dolphin_netplay_lan_mode = "join"
[DEBUG] [Environ] GET_VARIABLE: dolphin_netplay_lan_mode = "join"
[DEBUG] [Environ] GET_VARIABLE: dolphin_netplay_lan_mode = "join"
[DEBUG] [Environ] GET_VARIABLE: dolphin_netplay_lan_mode = "join"
[DEBUG] [Environ] GET_VARIABLE: dolphin_netplay_lan_mode = "join"
[DEBUG] [Environ] GET_VARIABLE: dolphin_netplay_lan_mode = "join"
[DEBUG] [Environ] GET_VARIABLE: dolphin_netplay_lan_mode = "join"
[DEBUG] [Environ] GET_VARIABLE: dolphin_netplay_lan_mode = "join"
[DEBUG] [Environ] GET_VARIABLE: dolphin_netplay_lan_mode = "join"
[DEBUG] [Environ] GET_VARIABLE: dolphin_netplay_lan_mode = "join"
[DEBUG] [Environ] GET_VARIABLE: dolphin_netplay_lan_mode = "join"
[DEBUG] [Environ] GET_VARIABLE: dolphin_netplay_lan_mode = "join"
[DEBUG] [Environ] GET_VARIABLE: dolphin_netplay_lan_mode = "join"
[DEBUG] [Environ] GET_VARIABLE: dolphin_netplay_lan_mode = "join"
[DEBUG] [Environ] GET_VARIABLE: dolphin_netplay_lan_mode = "join"
[DEBUG] [Environ] GET_VARIABLE: dolphin_netplay_lan_mode = "join"
[DEBUG] [Environ] GET_VARIABLE: dolphin_netplay_lan_mode = "join"
[DEBUG] [Environ] GET_VARIABLE: dolphin_netplay_lan_mode = "join"
[DEBUG] [Environ] GET_VARIABLE: dolphin_netplay_lan_mode = "join"
[DEBUG] [Environ] GET_VARIABLE: dolphin_netplay_lan_mode = "join"
[DEBUG] [Environ] GET_VARIABLE: dolphin_netplay_lan_mode = "join"
[DEBUG] [Environ] GET_VARIABLE: dolphin_netplay_lan_mode = "join"
[DEBUG] [Environ] GET_VARIABLE: dolphin_netplay_lan_mode = "join"
[DEBUG] [Environ] GET_VARIABLE: dolphin_netplay_lan_mode = "join"
[DEBUG] [Environ] GET_VARIABLE: dolphin_netplay_lan_mode = "join"
[DEBUG] [Environ] GET_VARIABLE: dolphin_netplay_lan_mode = "join"
[DEBUG] [Environ] GET_VARIABLE: dolphin_netplay_lan_mode = "join"
[DEBUG] [Environ] GET_VARIABLE: dolphin_netplay_lan_mode = "join"
[DEBUG] [Environ] GET_VARIABLE: dolphin_netplay_lan_mode = "join"
[DEBUG] [Environ] GET_VARIABLE: dolphin_netplay_lan_mode = "join"
[DEBUG] [Environ] GET_VARIABLE: dolphin_netplay_lan_mode = "join"
[DEBUG] [Environ] GET_VARIABLE: dolphin_netplay_lan_mode = "join"
[DEBUG] [Environ] GET_VARIABLE: dolphin_netplay_lan_mode = "join"
[DEBUG] [Environ] GET_VARIABLE: dolphin_netplay_lan_mode = "join"
[DEBUG] [Environ] GET_VARIABLE: dolphin_netplay_lan_mode = "join"
[DEBUG] [Environ] GET_VARIABLE: dolphin_netplay_lan_mode = "join"
[DEBUG] [Environ] GET_VARIABLE: dolphin_netplay_lan_mode = "join"
[DEBUG] [Environ] GET_VARIABLE: dolphin_netplay_lan_mode = "join"
[DEBUG] [Environ] GET_VARIABLE: dolphin_netplay_lan_mode = "join"
[DEBUG] [Environ] GET_VARIABLE: dolphin_netplay_lan_mode = "join"
[DEBUG] [Environ] GET_VARIABLE: dolphin_netplay_lan_mode = "join"
[DEBUG] [Environ] GET_VARIABLE: dolphin_netplay_lan_mode = "join"
[DEBUG] [Environ] GET_VARIABLE: dolphin_netplay_lan_mode = "join"
[DEBUG] [Environ] GET_VARIABLE: dolphin_netplay_lan_mode = "join"
[DEBUG] [Environ] GET_VARIABLE: dolphin_netplay_lan_mode = "join"
[DEBUG] [Environ] GET_VARIABLE: dolphin_netplay_lan_mode = "join"
[DEBUG] [Environ] GET_VARIABLE: dolphin_netplay_lan_mode = "join"
[DEBUG] [Environ] GET_VARIABLE: dolphin_netplay_lan_mode = "join"
[DEBUG] [Environ] GET_VARIABLE: dolphin_netplay_lan_mode = "join"
[DEBUG] [Environ] GET_VARIABLE: dolphin_netplay_lan_mode = "join"
[DEBUG] [Environ] GET_VARIABLE: dolphin_netplay_lan_mode = "join"
[DEBUG] [Environ] GET_VARIABLE: dolphin_netplay_lan_mode = "join"
[DEBUG] [Environ] GET_VARIABLE: dolphin_netplay_lan_mode = "join"
[DEBUG] [Environ] GET_VARIABLE: dolphin_netplay_lan_mode = "join"
[DEBUG] [Environ] GET_VARIABLE: dolphin_netplay_lan_mode = "join"
[DEBUG] [Environ] GET_VARIABLE: dolphin_netplay_lan_mode = "join"
[DEBUG] [Environ] GET_VARIABLE: dolphin_netplay_lan_mode = "join"
[DEBUG] [Environ] GET_VARIABLE: dolphin_netplay_lan_mode = "join"
[DEBUG] [Environ] GET_VARIABLE: dolphin_netplay_lan_mode = "join"
[DEBUG] [Environ] GET_VARIABLE: dolphin_netplay_lan_mode = "join"
[DEBUG] [Environ] GET_VARIABLE: dolphin_netplay_lan_mode = "join"
[DEBUG] [Environ] GET_VARIABLE: dolphin_netplay_lan_mode = "join"
[DEBUG] [Environ] GET_VARIABLE: dolphin_netplay_lan_mode = "join"
[DEBUG] [Environ] GET_VARIABLE: dolphin_netplay_lan_mode = "join"
[DEBUG] [Environ] GET_VARIABLE: dolphin_netplay_lan_mode = "join"
[DEBUG] [Environ] GET_VARIABLE: dolphin_netplay_lan_mode = "join"
[DEBUG] [Environ] GET_VARIABLE: dolphin_netplay_lan_mode = "join"
[DEBUG] [Environ] GET_VARIABLE: dolphin_netplay_lan_mode = "join"
[DEBUG] [Environ] GET_VARIABLE: dolphin_netplay_lan_mode = "join"
[DEBUG] [Environ] GET_VARIABLE: dolphin_netplay_lan_mode = "join"
[DEBUG] [Environ] GET_VARIABLE: dolphin_netplay_lan_mode = "join"
[DEBUG] [Environ] GET_VARIABLE: dolphin_netplay_lan_mode = "join"
[DEBUG] [Environ] GET_VARIABLE: dolphin_netplay_lan_mode = "join"
[DEBUG] [Environ] GET_VARIABLE: dolphin_netplay_lan_mode = "join"
[DEBUG] [Environ] GET_VARIABLE: dolphin_netplay_lan_mode = "join"
[DEBUG] [Environ] GET_VARIABLE: dolphin_netplay_lan_mode = "join"
[DEBUG] [Environ] GET_VARIABLE: dolphin_netplay_lan_mode = "join"
[DEBUG] [Environ] GET_VARIABLE: dolphin_netplay_lan_mode = "join"
[DEBUG] [Environ] GET_VARIABLE: dolphin_netplay_lan_mode = "join"
[DEBUG] [Environ] GET_VARIABLE: dolphin_netplay_lan_mode = "join"
[DEBUG] [Environ] GET_VARIABLE: dolphin_netplay_lan_mode = "join"
[DEBUG] [Environ] GET_VARIABLE: dolphin_netplay_lan_mode = "join"
[DEBUG] [Environ] GET_VARIABLE: dolphin_netplay_lan_mode = "join"
[DEBUG] [Environ] GET_VARIABLE: dolphin_netplay_lan_mode = "join"
[DEBUG] [Environ] GET_VARIABLE: dolphin_netplay_lan_mode = "join"
[DEBUG] [Environ] GET_VARIABLE: dolphin_netplay_lan_mode = "join"
[DEBUG] [Environ] GET_VARIABLE: dolphin_netplay_lan_mode = "join"
[DEBUG] [Environ] GET_VARIABLE: dolphin_netplay_lan_mode = "join"
[DEBUG] [Environ] GET_VARIABLE: dolphin_netplay_lan_mode = "join"
[DEBUG] [Environ] GET_VARIABLE: dolphin_netplay_lan_mode = "join"
[DEBUG] [Environ] GET_VARIABLE: dolphin_netplay_lan_mode = "join"
[DEBUG] [Environ] GET_VARIABLE: dolphin_netplay_lan_mode = "join"
[DEBUG] [Environ] GET_VARIABLE: dolphin_netplay_lan_mode = "join"
[DEBUG] [Environ] GET_VARIABLE: dolphin_netplay_lan_mode = "join"
[DEBUG] [Environ] GET_VARIABLE: dolphin_netplay_lan_mode = "join"
[DEBUG] [Environ] GET_VARIABLE: dolphin_netplay_lan_mode = "join"
[DEBUG] [Environ] GET_VARIABLE: dolphin_netplay_lan_mode = "join"
[DEBUG] [Environ] GET_VARIABLE: dolphin_netplay_lan_mode = "join"
[DEBUG] [Environ] GET_VARIABLE: dolphin_netplay_lan_mode = "join"
[DEBUG] [Environ] GET_VARIABLE: dolphin_netplay_lan_mode = "join"
[DEBUG] [Environ] GET_VARIABLE: dolphin_netplay_lan_mode = "join"
[DEBUG] [Environ] GET_VARIABLE: dolphin_netplay_lan_mode = "join"
[DEBUG] [Environ] GET_VARIABLE: dolphin_netplay_lan_mode = "join"
[DEBUG] [Environ] GET_VARIABLE: dolphin_netplay_lan_mode = "join"
[DEBUG] [Environ] GET_VARIABLE: dolphin_netplay_lan_mode = "join"
[DEBUG] [Environ] GET_VARIABLE: dolphin_netplay_lan_mode = "join"
[DEBUG] [Environ] GET_VARIABLE: dolphin_netplay_lan_mode = "join"
[DEBUG] [Environ] GET_VARIABLE: dolphin_netplay_lan_mode = "join"
[DEBUG] [Environ] GET_VARIABLE: dolphin_netplay_lan_mode = "join"
[DEBUG] [Environ] GET_VARIABLE: dolphin_netplay_lan_mode = "join"
[DEBUG] [Environ] GET_VARIABLE: dolphin_netplay_lan_mode = "join"
[DEBUG] [Environ] GET_VARIABLE: dolphin_netplay_lan_mode = "join"
[DEBUG] [Environ] GET_VARIABLE: dolphin_netplay_lan_mode = "join"
[DEBUG] [Environ] GET_VARIABLE: dolphin_netplay_lan_mode = "join"
[DEBUG] [Environ] GET_VARIABLE: dolphin_netplay_lan_mode = "join"
[DEBUG] [Environ] GET_VARIABLE: dolphin_netplay_lan_mode = "join"
[DEBUG] [Environ] GET_VARIABLE: dolphin_netplay_lan_mode = "join"
[DEBUG] [Environ] GET_VARIABLE: dolphin_netplay_lan_mode = "join"
[DEBUG] [Environ] GET_VARIABLE: dolphin_netplay_lan_mode = "join"
[DEBUG] [Environ] GET_VARIABLE: dolphin_netplay_lan_mode = "join"
[DEBUG] [Environ] GET_VARIABLE: dolphin_netplay_lan_mode = "join"
[DEBUG] [Environ] GET_VARIABLE: dolphin_netplay_lan_mode = "join"
[DEBUG] [Environ] GET_VARIABLE: dolphin_netplay_lan_mode = "join"
[DEBUG] [Environ] GET_VARIABLE: dolphin_netplay_lan_mode = "join"
[DEBUG] [Environ] GET_VARIABLE: dolphin_netplay_lan_mode = "join"
[DEBUG] [Environ] GET_VARIABLE: dolphin_netplay_lan_mode = "join"
[DEBUG] [Environ] GET_VARIABLE: dolphin_netplay_lan_mode = "join"
[DEBUG] [Environ] GET_VARIABLE: dolphin_netplay_lan_mode = "join"
[DEBUG] [Environ] GET_VARIABLE: dolphin_netplay_lan_mode = "join"
[DEBUG] [Environ] GET_VARIABLE: dolphin_netplay_lan_mode = "join"
[DEBUG] [Environ] GET_VARIABLE: dolphin_netplay_lan_mode = "join"
[DEBUG] [Environ] GET_VARIABLE: dolphin_netplay_lan_mode = "join"
[DEBUG] [Environ] GET_VARIABLE: dolphin_netplay_lan_mode = "join"
[DEBUG] [Environ] GET_VARIABLE: dolphin_netplay_lan_mode = "join"
[DEBUG] [Environ] GET_VARIABLE: dolphin_netplay_lan_mode = "join"
[DEBUG] [Environ] GET_VARIABLE: dolphin_netplay_lan_mode = "join"
[DEBUG] [Environ] GET_VARIABLE: dolphin_netplay_lan_mode = "join"
[DEBUG] [Environ] GET_VARIABLE: dolphin_netplay_lan_mode = "join"
[DEBUG] [Environ] GET_VARIABLE: dolphin_netplay_lan_mode = "join"
[DEBUG] [Environ] GET_VARIABLE: dolphin_netplay_lan_mode = "join"
[DEBUG] [Environ] GET_VARIABLE: dolphin_netplay_lan_mode = "join"
[DEBUG] [Environ] GET_VARIABLE: dolphin_netplay_lan_mode = "join"
[DEBUG] [Environ] GET_VARIABLE: dolphin_netplay_lan_mode = "join"
[INFO] [Video] Restored video driver to "gl".
[INFO] [Config] Saved config to "C:\RetroArch2\pkg\msvc\x64\test\Release\retroarch.cfg".
[INFO] [Runtime] Content ran for a total of: 00 hours, 00 minutes, 17 seconds.
[INFO] [Runtime] Saving runtime log file: "C:\RetroArch2\pkg\msvc\x64\test\Release\playlists\logs\Dolphin\Soulcalibur II (USA).lrtl".
[INFO] [Core] Unloading game...
[DEBUG] [Audio] Stopped audio driver "wasapi".
[INFO] [Core] Unloading core...
[INFO] [Core] Unloading core symbols...
[INFO] [Core] Saved core options file to "C:\RetroArch2\pkg\msvc\x64\test\Release\config\Dolphin\Dolphin.opt".
[DEBUG] [Video] Does not have enough samples for monitor refresh rate estimation. Requires to run for at least 4096 frames.
